<?xml version="1.0" encoding="UTF-8"?>
<testsuite name="controllers.ReportsControllerTests" tests="3" skipped="0" failures="0" errors="0" timestamp="2018-08-06T16:47:43" hostname="andrey-desktop" time="79.127">
  <properties/>
  <testcase name="generatePDFMultithreadInternalTests" classname="controllers.ReportsControllerTests" time="23.883"/>
  <testcase name="generatePdfTests" classname="controllers.ReportsControllerTests" time="11.554"/>
  <testcase name="generateHTMLMultithreadExternalTests" classname="controllers.ReportsControllerTests" time="43.69"/>
  <system-out><![CDATA[19:47:51.048 [Thread-23] DEBUG com.github.jhonnymertz.wkhtmltopdf.wrapper.configurations.WrapperConfig - Initialized with default configurations.
19:47:51.048 [Thread-18] DEBUG com.github.jhonnymertz.wkhtmltopdf.wrapper.configurations.WrapperConfig - Initialized with default configurations.
19:47:51.048 [Thread-16] DEBUG com.github.jhonnymertz.wkhtmltopdf.wrapper.configurations.WrapperConfig - Initialized with default configurations.
19:47:51.048 [Thread-13] DEBUG com.github.jhonnymertz.wkhtmltopdf.wrapper.configurations.WrapperConfig - Initialized with default configurations.
19:47:51.048 [Thread-6] DEBUG com.github.jhonnymertz.wkhtmltopdf.wrapper.configurations.WrapperConfig - Initialized with default configurations.
19:47:51.048 [Thread-21] DEBUG com.github.jhonnymertz.wkhtmltopdf.wrapper.configurations.WrapperConfig - Initialized with default configurations.
19:47:51.052 [Thread-8] DEBUG com.github.jhonnymertz.wkhtmltopdf.wrapper.configurations.WrapperConfig - Initialized with default configurations.
19:47:51.053 [Thread-12] DEBUG com.github.jhonnymertz.wkhtmltopdf.wrapper.configurations.WrapperConfig - Initialized with default configurations.
19:47:51.053 [Thread-9] DEBUG com.github.jhonnymertz.wkhtmltopdf.wrapper.configurations.WrapperConfig - Initialized with default configurations.
19:47:51.053 [Thread-10] DEBUG com.github.jhonnymertz.wkhtmltopdf.wrapper.configurations.WrapperConfig - Initialized with default configurations.
19:47:51.053 [Thread-19] DEBUG com.github.jhonnymertz.wkhtmltopdf.wrapper.configurations.WrapperConfig - Initialized with default configurations.
19:47:51.053 [Thread-7] DEBUG com.github.jhonnymertz.wkhtmltopdf.wrapper.configurations.WrapperConfig - Initialized with default configurations.
19:47:51.053 [Thread-22] DEBUG com.github.jhonnymertz.wkhtmltopdf.wrapper.configurations.WrapperConfig - Initialized with default configurations.
19:47:51.053 [Thread-14] DEBUG com.github.jhonnymertz.wkhtmltopdf.wrapper.configurations.WrapperConfig - Initialized with default configurations.
19:47:51.053 [Thread-15] DEBUG com.github.jhonnymertz.wkhtmltopdf.wrapper.configurations.WrapperConfig - Initialized with default configurations.
19:47:51.053 [Thread-11] DEBUG com.github.jhonnymertz.wkhtmltopdf.wrapper.configurations.WrapperConfig - Initialized with default configurations.
19:47:51.053 [Thread-5] DEBUG com.github.jhonnymertz.wkhtmltopdf.wrapper.configurations.WrapperConfig - Initialized with default configurations.
19:47:51.052 [Thread-20] DEBUG com.github.jhonnymertz.wkhtmltopdf.wrapper.configurations.WrapperConfig - Initialized with default configurations.
19:47:51.052 [Thread-17] DEBUG com.github.jhonnymertz.wkhtmltopdf.wrapper.configurations.WrapperConfig - Initialized with default configurations.
19:47:51.053 [Thread-24] DEBUG com.github.jhonnymertz.wkhtmltopdf.wrapper.configurations.WrapperConfig - Initialized with default configurations.
19:47:51.218 [Thread-10] DEBUG com.github.jhonnymertz.wkhtmltopdf.wrapper.configurations.WrapperConfig - Wkhtmltopdf command found in classpath: /usr/local/bin/wkhtmltopdf
19:47:51.220 [Thread-10] INFO com.github.jhonnymertz.wkhtmltopdf.wrapper.Pdf - Initialized with {xvfbConfig=null, wkhtmltopdfCommand='/usr/local/bin/wkhtmltopdf'}
19:47:51.229 [Thread-22] DEBUG com.github.jhonnymertz.wkhtmltopdf.wrapper.configurations.WrapperConfig - Wkhtmltopdf command found in classpath: /usr/local/bin/wkhtmltopdf
19:47:51.229 [Thread-22] INFO com.github.jhonnymertz.wkhtmltopdf.wrapper.Pdf - Initialized with {xvfbConfig=null, wkhtmltopdfCommand='/usr/local/bin/wkhtmltopdf'}
19:47:51.237 [Thread-8] DEBUG com.github.jhonnymertz.wkhtmltopdf.wrapper.configurations.WrapperConfig - Wkhtmltopdf command found in classpath: /usr/local/bin/wkhtmltopdf
19:47:51.237 [Thread-8] INFO com.github.jhonnymertz.wkhtmltopdf.wrapper.Pdf - Initialized with {xvfbConfig=null, wkhtmltopdfCommand='/usr/local/bin/wkhtmltopdf'}
19:47:51.238 [Thread-19] DEBUG com.github.jhonnymertz.wkhtmltopdf.wrapper.configurations.WrapperConfig - Wkhtmltopdf command found in classpath: /usr/local/bin/wkhtmltopdf
19:47:51.239 [Thread-19] INFO com.github.jhonnymertz.wkhtmltopdf.wrapper.Pdf - Initialized with {xvfbConfig=null, wkhtmltopdfCommand='/usr/local/bin/wkhtmltopdf'}
19:47:51.239 [Thread-5] DEBUG com.github.jhonnymertz.wkhtmltopdf.wrapper.configurations.WrapperConfig - Wkhtmltopdf command found in classpath: /usr/local/bin/wkhtmltopdf
19:47:51.239 [Thread-11] DEBUG com.github.jhonnymertz.wkhtmltopdf.wrapper.configurations.WrapperConfig - Wkhtmltopdf command found in classpath: /usr/local/bin/wkhtmltopdf
19:47:51.241 [Thread-5] INFO com.github.jhonnymertz.wkhtmltopdf.wrapper.Pdf - Initialized with {xvfbConfig=null, wkhtmltopdfCommand='/usr/local/bin/wkhtmltopdf'}
19:47:51.247 [Thread-24] DEBUG com.github.jhonnymertz.wkhtmltopdf.wrapper.configurations.WrapperConfig - Wkhtmltopdf command found in classpath: /usr/local/bin/wkhtmltopdf
19:47:51.248 [Thread-24] INFO com.github.jhonnymertz.wkhtmltopdf.wrapper.Pdf - Initialized with {xvfbConfig=null, wkhtmltopdfCommand='/usr/local/bin/wkhtmltopdf'}
19:47:51.246 [Thread-7] DEBUG com.github.jhonnymertz.wkhtmltopdf.wrapper.configurations.WrapperConfig - Wkhtmltopdf command found in classpath: /usr/local/bin/wkhtmltopdf
19:47:51.249 [Thread-7] INFO com.github.jhonnymertz.wkhtmltopdf.wrapper.Pdf - Initialized with {xvfbConfig=null, wkhtmltopdfCommand='/usr/local/bin/wkhtmltopdf'}
19:47:51.247 [Thread-11] INFO com.github.jhonnymertz.wkhtmltopdf.wrapper.Pdf - Initialized with {xvfbConfig=null, wkhtmltopdfCommand='/usr/local/bin/wkhtmltopdf'}
19:47:51.246 [Thread-21] DEBUG com.github.jhonnymertz.wkhtmltopdf.wrapper.configurations.WrapperConfig - Wkhtmltopdf command found in classpath: /usr/local/bin/wkhtmltopdf
19:47:51.245 [Thread-17] DEBUG com.github.jhonnymertz.wkhtmltopdf.wrapper.configurations.WrapperConfig - Wkhtmltopdf command found in classpath: /usr/local/bin/wkhtmltopdf
19:47:51.246 [Thread-23] DEBUG com.github.jhonnymertz.wkhtmltopdf.wrapper.configurations.WrapperConfig - Wkhtmltopdf command found in classpath: /usr/local/bin/wkhtmltopdf
19:47:51.250 [Thread-17] INFO com.github.jhonnymertz.wkhtmltopdf.wrapper.Pdf - Initialized with {xvfbConfig=null, wkhtmltopdfCommand='/usr/local/bin/wkhtmltopdf'}
19:47:51.245 [Thread-15] DEBUG com.github.jhonnymertz.wkhtmltopdf.wrapper.configurations.WrapperConfig - Wkhtmltopdf command found in classpath: /usr/local/bin/wkhtmltopdf
19:47:51.242 [Thread-18] DEBUG com.github.jhonnymertz.wkhtmltopdf.wrapper.configurations.WrapperConfig - Wkhtmltopdf command found in classpath: /usr/local/bin/wkhtmltopdf
19:47:51.251 [Thread-23] INFO com.github.jhonnymertz.wkhtmltopdf.wrapper.Pdf - Initialized with {xvfbConfig=null, wkhtmltopdfCommand='/usr/local/bin/wkhtmltopdf'}
19:47:51.250 [Thread-21] INFO com.github.jhonnymertz.wkhtmltopdf.wrapper.Pdf - Initialized with {xvfbConfig=null, wkhtmltopdfCommand='/usr/local/bin/wkhtmltopdf'}
19:47:51.242 [Thread-20] DEBUG com.github.jhonnymertz.wkhtmltopdf.wrapper.configurations.WrapperConfig - Wkhtmltopdf command found in classpath: /usr/local/bin/wkhtmltopdf
19:47:51.241 [Thread-12] DEBUG com.github.jhonnymertz.wkhtmltopdf.wrapper.configurations.WrapperConfig - Wkhtmltopdf command found in classpath: /usr/local/bin/wkhtmltopdf
19:47:51.241 [Thread-9] DEBUG com.github.jhonnymertz.wkhtmltopdf.wrapper.configurations.WrapperConfig - Wkhtmltopdf command found in classpath: /usr/local/bin/wkhtmltopdf
19:47:51.241 [Thread-6] DEBUG com.github.jhonnymertz.wkhtmltopdf.wrapper.configurations.WrapperConfig - Wkhtmltopdf command found in classpath: /usr/local/bin/wkhtmltopdf
19:47:51.241 [Thread-14] DEBUG com.github.jhonnymertz.wkhtmltopdf.wrapper.configurations.WrapperConfig - Wkhtmltopdf command found in classpath: /usr/local/bin/wkhtmltopdf
19:47:51.241 [Thread-13] DEBUG com.github.jhonnymertz.wkhtmltopdf.wrapper.configurations.WrapperConfig - Wkhtmltopdf command found in classpath: /usr/local/bin/wkhtmltopdf
19:47:51.241 [Thread-16] DEBUG com.github.jhonnymertz.wkhtmltopdf.wrapper.configurations.WrapperConfig - Wkhtmltopdf command found in classpath: /usr/local/bin/wkhtmltopdf
19:47:51.253 [Thread-14] INFO com.github.jhonnymertz.wkhtmltopdf.wrapper.Pdf - Initialized with {xvfbConfig=null, wkhtmltopdfCommand='/usr/local/bin/wkhtmltopdf'}
19:47:51.251 [Thread-18] INFO com.github.jhonnymertz.wkhtmltopdf.wrapper.Pdf - Initialized with {xvfbConfig=null, wkhtmltopdfCommand='/usr/local/bin/wkhtmltopdf'}
19:47:51.252 [Thread-12] INFO com.github.jhonnymertz.wkhtmltopdf.wrapper.Pdf - Initialized with {xvfbConfig=null, wkhtmltopdfCommand='/usr/local/bin/wkhtmltopdf'}
19:47:51.251 [Thread-15] INFO com.github.jhonnymertz.wkhtmltopdf.wrapper.Pdf - Initialized with {xvfbConfig=null, wkhtmltopdfCommand='/usr/local/bin/wkhtmltopdf'}
19:47:51.253 [Thread-6] INFO com.github.jhonnymertz.wkhtmltopdf.wrapper.Pdf - Initialized with {xvfbConfig=null, wkhtmltopdfCommand='/usr/local/bin/wkhtmltopdf'}
19:47:51.253 [Thread-9] INFO com.github.jhonnymertz.wkhtmltopdf.wrapper.Pdf - Initialized with {xvfbConfig=null, wkhtmltopdfCommand='/usr/local/bin/wkhtmltopdf'}
19:47:51.253 [Thread-13] INFO com.github.jhonnymertz.wkhtmltopdf.wrapper.Pdf - Initialized with {xvfbConfig=null, wkhtmltopdfCommand='/usr/local/bin/wkhtmltopdf'}
19:47:51.253 [Thread-20] INFO com.github.jhonnymertz.wkhtmltopdf.wrapper.Pdf - Initialized with {xvfbConfig=null, wkhtmltopdfCommand='/usr/local/bin/wkhtmltopdf'}
19:47:51.253 [Thread-16] INFO com.github.jhonnymertz.wkhtmltopdf.wrapper.Pdf - Initialized with {xvfbConfig=null, wkhtmltopdfCommand='/usr/local/bin/wkhtmltopdf'}
19:47:51.258 [Thread-17] DEBUG com.github.jhonnymertz.wkhtmltopdf.wrapper.Pdf - [/usr/local/bin/wkhtmltopdf, /tmp/java-wkhtmltopdf-wrapper8ce3a079-a3a7-477f-988b-8c529880abfe2063545305055797569.html, -]
19:47:51.260 [Thread-7] DEBUG com.github.jhonnymertz.wkhtmltopdf.wrapper.Pdf - [/usr/local/bin/wkhtmltopdf, /tmp/java-wkhtmltopdf-wrapper0452aadd-c3e0-4247-9a72-ba64c69c2421320327250946785162.html, -]
19:47:51.264 [Thread-20] DEBUG com.github.jhonnymertz.wkhtmltopdf.wrapper.Pdf - [/usr/local/bin/wkhtmltopdf, /tmp/java-wkhtmltopdf-wrapper61f63d78-37fe-4306-9477-dab8480e80e07279220991123928037.html, -]
19:47:51.264 [Thread-16] DEBUG com.github.jhonnymertz.wkhtmltopdf.wrapper.Pdf - [/usr/local/bin/wkhtmltopdf, /tmp/java-wkhtmltopdf-wrapper0cc138d2-a8a0-419c-b89a-c156d25997c09083773419149962891.html, -]
19:47:51.270 [Thread-13] DEBUG com.github.jhonnymertz.wkhtmltopdf.wrapper.Pdf - [/usr/local/bin/wkhtmltopdf, /tmp/java-wkhtmltopdf-wrappera2879cd6-6167-4805-8946-f918a3d742788901292735212051369.html, -]
19:47:51.269 [Thread-14] DEBUG com.github.jhonnymertz.wkhtmltopdf.wrapper.Pdf - [/usr/local/bin/wkhtmltopdf, /tmp/java-wkhtmltopdf-wrapper9d092f91-f9ee-412b-a81e-3eaf40e1d6b3277444265220302465.html, -]
19:47:51.261 [Thread-19] DEBUG com.github.jhonnymertz.wkhtmltopdf.wrapper.Pdf - [/usr/local/bin/wkhtmltopdf, /tmp/java-wkhtmltopdf-wrapper79093b99-9815-4895-9de0-f0c5bd369cb87247902670569505106.html, -]
19:47:51.271 [Thread-21] DEBUG com.github.jhonnymertz.wkhtmltopdf.wrapper.Pdf - [/usr/local/bin/wkhtmltopdf, /tmp/java-wkhtmltopdf-wrapper173e7487-6e51-479f-b656-28d3e54fd0744208112350889916833.html, -]
19:47:51.272 [Thread-12] DEBUG com.github.jhonnymertz.wkhtmltopdf.wrapper.Pdf - [/usr/local/bin/wkhtmltopdf, /tmp/java-wkhtmltopdf-wrapper12e8d7d7-cc7e-4495-bf21-0327a36da64b3150018972880429110.html, -]
19:47:51.272 [Thread-6] DEBUG com.github.jhonnymertz.wkhtmltopdf.wrapper.Pdf - [/usr/local/bin/wkhtmltopdf, /tmp/java-wkhtmltopdf-wrapper936de2bb-4774-4e1d-b66b-c718447ef83c3143613595680190838.html, -]
19:47:51.269 [Thread-23] DEBUG com.github.jhonnymertz.wkhtmltopdf.wrapper.Pdf - [/usr/local/bin/wkhtmltopdf, /tmp/java-wkhtmltopdf-wrapperbdecb645-07e6-4a13-b23d-f0b35d46bea36232342128464794668.html, -]
19:47:51.272 [Thread-15] DEBUG com.github.jhonnymertz.wkhtmltopdf.wrapper.Pdf - [/usr/local/bin/wkhtmltopdf, /tmp/java-wkhtmltopdf-wrappereaac14bd-2717-4890-b23d-d82493857c1b913746645961237227.html, -]
19:47:51.275 [Thread-22] DEBUG com.github.jhonnymertz.wkhtmltopdf.wrapper.Pdf - [/usr/local/bin/wkhtmltopdf, /tmp/java-wkhtmltopdf-wrapper028674a8-089c-4ba0-bbcc-85df291cac6d4394280029781095297.html, -]
19:47:51.277 [Thread-10] DEBUG com.github.jhonnymertz.wkhtmltopdf.wrapper.Pdf - [/usr/local/bin/wkhtmltopdf, /tmp/java-wkhtmltopdf-wrapperc6d51b9a-baa1-4cf2-ba97-b4d7dd95100d1041378172198537662.html, -]
19:47:51.278 [Thread-24] DEBUG com.github.jhonnymertz.wkhtmltopdf.wrapper.Pdf - [/usr/local/bin/wkhtmltopdf, /tmp/java-wkhtmltopdf-wrapper795c509f-9b10-478b-9280-66829e22abde4536382626383588125.html, -]
19:47:51.282 [Thread-8] DEBUG com.github.jhonnymertz.wkhtmltopdf.wrapper.Pdf - [/usr/local/bin/wkhtmltopdf, /tmp/java-wkhtmltopdf-wrapperfa7964ad-0ab5-4ef2-b106-5ba318ae367c2185957738477653554.html, -]
19:47:51.276 [Thread-11] DEBUG com.github.jhonnymertz.wkhtmltopdf.wrapper.Pdf - [/usr/local/bin/wkhtmltopdf, /tmp/java-wkhtmltopdf-wrapperf9f9fa9a-0a1e-423b-9228-88cf355dadaa2549834507572516878.html, -]
19:47:51.278 [Thread-5] DEBUG com.github.jhonnymertz.wkhtmltopdf.wrapper.Pdf - [/usr/local/bin/wkhtmltopdf, /tmp/java-wkhtmltopdf-wrapper14432403-4ed6-406c-b812-245d9c4dcbec1137185779179854759.html, -]
19:47:51.288 [Thread-9] DEBUG com.github.jhonnymertz.wkhtmltopdf.wrapper.Pdf - [/usr/local/bin/wkhtmltopdf, /tmp/java-wkhtmltopdf-wrapper4dbf5169-9b74-4959-b846-a90a73795f343028059532073174575.html, -]
19:47:51.277 [Thread-18] DEBUG com.github.jhonnymertz.wkhtmltopdf.wrapper.Pdf - [/usr/local/bin/wkhtmltopdf, /tmp/java-wkhtmltopdf-wrapperd9c02c24-44d0-4497-9843-ad14cc1e9a022551659663582051246.html, -]
19:47:51.293 [Thread-16] DEBUG com.github.jhonnymertz.wkhtmltopdf.wrapper.Pdf - Generating pdf with: /usr/local/bin/wkhtmltopdf /tmp/java-wkhtmltopdf-wrapper0cc138d2-a8a0-419c-b89a-c156d25997c09083773419149962891.html -
19:47:51.293 [Thread-20] DEBUG com.github.jhonnymertz.wkhtmltopdf.wrapper.Pdf - Generating pdf with: /usr/local/bin/wkhtmltopdf /tmp/java-wkhtmltopdf-wrapper61f63d78-37fe-4306-9477-dab8480e80e07279220991123928037.html -
19:47:51.293 [Thread-13] DEBUG com.github.jhonnymertz.wkhtmltopdf.wrapper.Pdf - Generating pdf with: /usr/local/bin/wkhtmltopdf /tmp/java-wkhtmltopdf-wrappera2879cd6-6167-4805-8946-f918a3d742788901292735212051369.html -
19:47:51.293 [Thread-17] DEBUG com.github.jhonnymertz.wkhtmltopdf.wrapper.Pdf - Generating pdf with: /usr/local/bin/wkhtmltopdf /tmp/java-wkhtmltopdf-wrapper8ce3a079-a3a7-477f-988b-8c529880abfe2063545305055797569.html -
19:47:51.293 [Thread-7] DEBUG com.github.jhonnymertz.wkhtmltopdf.wrapper.Pdf - Generating pdf with: /usr/local/bin/wkhtmltopdf /tmp/java-wkhtmltopdf-wrapper0452aadd-c3e0-4247-9a72-ba64c69c2421320327250946785162.html -
19:47:51.294 [Thread-19] DEBUG com.github.jhonnymertz.wkhtmltopdf.wrapper.Pdf - Generating pdf with: /usr/local/bin/wkhtmltopdf /tmp/java-wkhtmltopdf-wrapper79093b99-9815-4895-9de0-f0c5bd369cb87247902670569505106.html -
19:47:51.294 [Thread-14] DEBUG com.github.jhonnymertz.wkhtmltopdf.wrapper.Pdf - Generating pdf with: /usr/local/bin/wkhtmltopdf /tmp/java-wkhtmltopdf-wrapper9d092f91-f9ee-412b-a81e-3eaf40e1d6b3277444265220302465.html -
19:47:51.294 [Thread-6] DEBUG com.github.jhonnymertz.wkhtmltopdf.wrapper.Pdf - Generating pdf with: /usr/local/bin/wkhtmltopdf /tmp/java-wkhtmltopdf-wrapper936de2bb-4774-4e1d-b66b-c718447ef83c3143613595680190838.html -
19:47:51.296 [Thread-11] DEBUG com.github.jhonnymertz.wkhtmltopdf.wrapper.Pdf - Generating pdf with: /usr/local/bin/wkhtmltopdf /tmp/java-wkhtmltopdf-wrapperf9f9fa9a-0a1e-423b-9228-88cf355dadaa2549834507572516878.html -
19:47:51.294 [Thread-23] DEBUG com.github.jhonnymertz.wkhtmltopdf.wrapper.Pdf - Generating pdf with: /usr/local/bin/wkhtmltopdf /tmp/java-wkhtmltopdf-wrapperbdecb645-07e6-4a13-b23d-f0b35d46bea36232342128464794668.html -
19:47:51.295 [Thread-12] DEBUG com.github.jhonnymertz.wkhtmltopdf.wrapper.Pdf - Generating pdf with: /usr/local/bin/wkhtmltopdf /tmp/java-wkhtmltopdf-wrapper12e8d7d7-cc7e-4495-bf21-0327a36da64b3150018972880429110.html -
19:47:51.295 [Thread-18] DEBUG com.github.jhonnymertz.wkhtmltopdf.wrapper.Pdf - Generating pdf with: /usr/local/bin/wkhtmltopdf /tmp/java-wkhtmltopdf-wrapperd9c02c24-44d0-4497-9843-ad14cc1e9a022551659663582051246.html -
19:47:51.296 [Thread-9] DEBUG com.github.jhonnymertz.wkhtmltopdf.wrapper.Pdf - Generating pdf with: /usr/local/bin/wkhtmltopdf /tmp/java-wkhtmltopdf-wrapper4dbf5169-9b74-4959-b846-a90a73795f343028059532073174575.html -
19:47:51.296 [Thread-5] DEBUG com.github.jhonnymertz.wkhtmltopdf.wrapper.Pdf - Generating pdf with: /usr/local/bin/wkhtmltopdf /tmp/java-wkhtmltopdf-wrapper14432403-4ed6-406c-b812-245d9c4dcbec1137185779179854759.html -
19:47:51.296 [Thread-8] DEBUG com.github.jhonnymertz.wkhtmltopdf.wrapper.Pdf - Generating pdf with: /usr/local/bin/wkhtmltopdf /tmp/java-wkhtmltopdf-wrapperfa7964ad-0ab5-4ef2-b106-5ba318ae367c2185957738477653554.html -
19:47:51.296 [Thread-24] DEBUG com.github.jhonnymertz.wkhtmltopdf.wrapper.Pdf - Generating pdf with: /usr/local/bin/wkhtmltopdf /tmp/java-wkhtmltopdf-wrapper795c509f-9b10-478b-9280-66829e22abde4536382626383588125.html -
19:47:51.295 [Thread-15] DEBUG com.github.jhonnymertz.wkhtmltopdf.wrapper.Pdf - Generating pdf with: /usr/local/bin/wkhtmltopdf /tmp/java-wkhtmltopdf-wrappereaac14bd-2717-4890-b23d-d82493857c1b913746645961237227.html -
19:47:51.295 [Thread-21] DEBUG com.github.jhonnymertz.wkhtmltopdf.wrapper.Pdf - Generating pdf with: /usr/local/bin/wkhtmltopdf /tmp/java-wkhtmltopdf-wrapper173e7487-6e51-479f-b656-28d3e54fd0744208112350889916833.html -
19:47:51.296 [Thread-10] DEBUG com.github.jhonnymertz.wkhtmltopdf.wrapper.Pdf - Generating pdf with: /usr/local/bin/wkhtmltopdf /tmp/java-wkhtmltopdf-wrapperc6d51b9a-baa1-4cf2-ba97-b4d7dd95100d1041378172198537662.html -
19:47:51.296 [Thread-22] DEBUG com.github.jhonnymertz.wkhtmltopdf.wrapper.Pdf - Generating pdf with: /usr/local/bin/wkhtmltopdf /tmp/java-wkhtmltopdf-wrapper028674a8-089c-4ba0-bbcc-85df291cac6d4394280029781095297.html -
19:47:53.289 [Thread-6] DEBUG com.github.jhonnymertz.wkhtmltopdf.wrapper.Pdf - Wkhtmltopdf output:
Loading pages (1/6)
[>                                                           ] 0%[======>                                                     ] 10%[==============================>                             ] 50%[============================================================] 100%Counting pages (2/6)                                               
[============================================================] Object 1 of 1Resolving links (4/6)                                                       
[============================================================] Object 1 of 1Loading headers and footers (5/6)                                           
Printing pages (6/6)
[>                                                           ] Preparing[============================================================] Page 1 of 1Done                                                                      

19:47:53.290 [Thread-6] INFO com.github.jhonnymertz.wkhtmltopdf.wrapper.Pdf - PDF successfully generated with: /usr/local/bin/wkhtmltopdf /tmp/java-wkhtmltopdf-wrapper936de2bb-4774-4e1d-b66b-c718447ef83c3143613595680190838.html -
19:47:53.290 [Thread-6] DEBUG com.github.jhonnymertz.wkhtmltopdf.wrapper.Pdf - Shutting down executor for wkhtmltopdf.
19:47:53.290 [Thread-6] DEBUG com.github.jhonnymertz.wkhtmltopdf.wrapper.Pdf - Cleaning up temporary files...
19:47:53.294 [Thread-6] DEBUG com.github.jhonnymertz.wkhtmltopdf.wrapper.Pdf - Delete temp file at: /tmp/java-wkhtmltopdf-wrapper936de2bb-4774-4e1d-b66b-c718447ef83c3143613595680190838.html true
19:47:53.295 [Thread-6] INFO com.github.jhonnymertz.wkhtmltopdf.wrapper.Pdf - PDF successfully saved in /home/andrey/WAB3_cache/81963cc8-4f68-4f28-b119-e01ae52a3622/kudir_header.pdf
19:47:53.295 [Thread-6] DEBUG com.github.jhonnymertz.wkhtmltopdf.wrapper.configurations.WrapperConfig - Initialized with default configurations.
19:47:53.369 [Thread-19] DEBUG com.github.jhonnymertz.wkhtmltopdf.wrapper.Pdf - Wkhtmltopdf output:
Loading pages (1/6)
[>                                                           ] 0%[======>                                                     ] 10%[==============================>                             ] 50%[============================================================] 100%Counting pages (2/6)                                               
[============================================================] Object 1 of 1Resolving links (4/6)                                                       
[============================================================] Object 1 of 1Loading headers and footers (5/6)                                           
Printing pages (6/6)
[>                                                           ] Preparing[============================================================] Page 1 of 1Done                                                                      

19:47:53.370 [Thread-19] INFO com.github.jhonnymertz.wkhtmltopdf.wrapper.Pdf - PDF successfully generated with: /usr/local/bin/wkhtmltopdf /tmp/java-wkhtmltopdf-wrapper79093b99-9815-4895-9de0-f0c5bd369cb87247902670569505106.html -
19:47:53.370 [Thread-19] DEBUG com.github.jhonnymertz.wkhtmltopdf.wrapper.Pdf - Shutting down executor for wkhtmltopdf.
19:47:53.379 [Thread-16] DEBUG com.github.jhonnymertz.wkhtmltopdf.wrapper.Pdf - Wkhtmltopdf output:
Loading pages (1/6)
[>                                                           ] 0%[======>                                                     ] 10%[==============================>                             ] 50%[============================================================] 100%Counting pages (2/6)                                               
[============================================================] Object 1 of 1Resolving links (4/6)                                                       
[============================================================] Object 1 of 1Loading headers and footers (5/6)                                           
Printing pages (6/6)
[>                                                           ] Preparing[============================================================] Page 1 of 1Done                                                                      

19:47:53.380 [Thread-19] DEBUG com.github.jhonnymertz.wkhtmltopdf.wrapper.Pdf - Cleaning up temporary files...
19:47:53.382 [Thread-16] INFO com.github.jhonnymertz.wkhtmltopdf.wrapper.Pdf - PDF successfully generated with: /usr/local/bin/wkhtmltopdf /tmp/java-wkhtmltopdf-wrapper0cc138d2-a8a0-419c-b89a-c156d25997c09083773419149962891.html -
19:47:53.383 [Thread-19] DEBUG com.github.jhonnymertz.wkhtmltopdf.wrapper.Pdf - Delete temp file at: /tmp/java-wkhtmltopdf-wrapper79093b99-9815-4895-9de0-f0c5bd369cb87247902670569505106.html true
19:47:53.384 [Thread-16] DEBUG com.github.jhonnymertz.wkhtmltopdf.wrapper.Pdf - Shutting down executor for wkhtmltopdf.
19:47:53.385 [Thread-16] DEBUG com.github.jhonnymertz.wkhtmltopdf.wrapper.Pdf - Cleaning up temporary files...
19:47:53.386 [Thread-19] INFO com.github.jhonnymertz.wkhtmltopdf.wrapper.Pdf - PDF successfully saved in /home/andrey/WAB3_cache/bfba3c85-e7ca-45ef-85c4-586388dfcbec/kudir_header.pdf
19:47:53.387 [Thread-19] DEBUG com.github.jhonnymertz.wkhtmltopdf.wrapper.configurations.WrapperConfig - Initialized with default configurations.
19:47:53.387 [Thread-16] DEBUG com.github.jhonnymertz.wkhtmltopdf.wrapper.Pdf - Delete temp file at: /tmp/java-wkhtmltopdf-wrapper0cc138d2-a8a0-419c-b89a-c156d25997c09083773419149962891.html true
19:47:53.389 [Thread-16] INFO com.github.jhonnymertz.wkhtmltopdf.wrapper.Pdf - PDF successfully saved in /home/andrey/WAB3_cache/f8f922f3-a4b0-417d-ad2b-da5f43e9e79c/kudir_header.pdf
19:47:53.390 [Thread-16] DEBUG com.github.jhonnymertz.wkhtmltopdf.wrapper.configurations.WrapperConfig - Initialized with default configurations.
19:47:53.435 [Thread-6] DEBUG com.github.jhonnymertz.wkhtmltopdf.wrapper.configurations.WrapperConfig - Wkhtmltopdf command found in classpath: /usr/local/bin/wkhtmltopdf
19:47:53.435 [Thread-6] INFO com.github.jhonnymertz.wkhtmltopdf.wrapper.Pdf - Initialized with {xvfbConfig=null, wkhtmltopdfCommand='/usr/local/bin/wkhtmltopdf'}
19:47:53.438 [Thread-6] DEBUG com.github.jhonnymertz.wkhtmltopdf.wrapper.Pdf - [/usr/local/bin/wkhtmltopdf, /tmp/java-wkhtmltopdf-wrapper9bdbffb2-acc0-4b1c-9558-06a0dbf68919511921633094955256.html, -]
19:47:53.438 [Thread-6] DEBUG com.github.jhonnymertz.wkhtmltopdf.wrapper.Pdf - Generating pdf with: /usr/local/bin/wkhtmltopdf /tmp/java-wkhtmltopdf-wrapper9bdbffb2-acc0-4b1c-9558-06a0dbf68919511921633094955256.html -
19:47:53.445 [Thread-16] DEBUG com.github.jhonnymertz.wkhtmltopdf.wrapper.configurations.WrapperConfig - Wkhtmltopdf command found in classpath: /usr/local/bin/wkhtmltopdf
19:47:53.445 [Thread-19] DEBUG com.github.jhonnymertz.wkhtmltopdf.wrapper.configurations.WrapperConfig - Wkhtmltopdf command found in classpath: /usr/local/bin/wkhtmltopdf
19:47:53.445 [Thread-19] INFO com.github.jhonnymertz.wkhtmltopdf.wrapper.Pdf - Initialized with {xvfbConfig=null, wkhtmltopdfCommand='/usr/local/bin/wkhtmltopdf'}
19:47:53.445 [Thread-16] INFO com.github.jhonnymertz.wkhtmltopdf.wrapper.Pdf - Initialized with {xvfbConfig=null, wkhtmltopdfCommand='/usr/local/bin/wkhtmltopdf'}
19:47:53.446 [Thread-19] DEBUG com.github.jhonnymertz.wkhtmltopdf.wrapper.Pdf - [/usr/local/bin/wkhtmltopdf, /tmp/java-wkhtmltopdf-wrapper85d1af9c-61ff-463a-9c8a-fe74045697536394930990733032202.html, -]
19:47:53.447 [Thread-19] DEBUG com.github.jhonnymertz.wkhtmltopdf.wrapper.Pdf - Generating pdf with: /usr/local/bin/wkhtmltopdf /tmp/java-wkhtmltopdf-wrapper85d1af9c-61ff-463a-9c8a-fe74045697536394930990733032202.html -
19:47:53.448 [Thread-16] DEBUG com.github.jhonnymertz.wkhtmltopdf.wrapper.Pdf - [/usr/local/bin/wkhtmltopdf, /tmp/java-wkhtmltopdf-wrapperd3b7dc39-439c-4ff3-8758-6667d21a174e3227692590045299344.html, -]
19:47:53.449 [Thread-16] DEBUG com.github.jhonnymertz.wkhtmltopdf.wrapper.Pdf - Generating pdf with: /usr/local/bin/wkhtmltopdf /tmp/java-wkhtmltopdf-wrapperd3b7dc39-439c-4ff3-8758-6667d21a174e3227692590045299344.html -
19:47:53.490 [Thread-10] DEBUG com.github.jhonnymertz.wkhtmltopdf.wrapper.Pdf - Wkhtmltopdf output:
Loading pages (1/6)
[>                                                           ] 0%[======>                                                     ] 10%[==============================>                             ] 50%[============================================================] 100%Counting pages (2/6)                                               
[============================================================] Object 1 of 1Resolving links (4/6)                                                       
[============================================================] Object 1 of 1Loading headers and footers (5/6)                                           
Printing pages (6/6)
[>                                                           ] Preparing[============================================================] Page 1 of 1Done                                                                      

19:47:53.492 [Thread-10] INFO com.github.jhonnymertz.wkhtmltopdf.wrapper.Pdf - PDF successfully generated with: /usr/local/bin/wkhtmltopdf /tmp/java-wkhtmltopdf-wrapperc6d51b9a-baa1-4cf2-ba97-b4d7dd95100d1041378172198537662.html -
19:47:53.494 [Thread-10] DEBUG com.github.jhonnymertz.wkhtmltopdf.wrapper.Pdf - Shutting down executor for wkhtmltopdf.
19:47:53.554 [Thread-5] DEBUG com.github.jhonnymertz.wkhtmltopdf.wrapper.Pdf - Wkhtmltopdf output:
Loading pages (1/6)
[>                                                           ] 0%[======>                                                     ] 10%[==============================>                             ] 50%[============================================================] 100%Counting pages (2/6)                                               
[============================================================] Object 1 of 1Resolving links (4/6)                                                       
[============================================================] Object 1 of 1Loading headers and footers (5/6)                                           
Printing pages (6/6)
[>                                                           ] Preparing[============================================================] Page 1 of 1Done                                                                      

19:47:53.557 [Thread-5] INFO com.github.jhonnymertz.wkhtmltopdf.wrapper.Pdf - PDF successfully generated with: /usr/local/bin/wkhtmltopdf /tmp/java-wkhtmltopdf-wrapper14432403-4ed6-406c-b812-245d9c4dcbec1137185779179854759.html -
19:47:53.558 [Thread-5] DEBUG com.github.jhonnymertz.wkhtmltopdf.wrapper.Pdf - Shutting down executor for wkhtmltopdf.
19:47:53.559 [Thread-5] DEBUG com.github.jhonnymertz.wkhtmltopdf.wrapper.Pdf - Cleaning up temporary files...
19:47:53.560 [Thread-5] DEBUG com.github.jhonnymertz.wkhtmltopdf.wrapper.Pdf - Delete temp file at: /tmp/java-wkhtmltopdf-wrapper14432403-4ed6-406c-b812-245d9c4dcbec1137185779179854759.html true
19:47:53.562 [Thread-5] INFO com.github.jhonnymertz.wkhtmltopdf.wrapper.Pdf - PDF successfully saved in /home/andrey/WAB3_cache/ee93c321-b424-4cde-b377-a85e72bdbcef/kudir_header.pdf
19:47:53.562 [Thread-5] DEBUG com.github.jhonnymertz.wkhtmltopdf.wrapper.configurations.WrapperConfig - Initialized with default configurations.
19:47:53.590 [Thread-10] DEBUG com.github.jhonnymertz.wkhtmltopdf.wrapper.Pdf - Cleaning up temporary files...
19:47:53.591 [Thread-10] DEBUG com.github.jhonnymertz.wkhtmltopdf.wrapper.Pdf - Delete temp file at: /tmp/java-wkhtmltopdf-wrapperc6d51b9a-baa1-4cf2-ba97-b4d7dd95100d1041378172198537662.html true
19:47:53.592 [Thread-10] INFO com.github.jhonnymertz.wkhtmltopdf.wrapper.Pdf - PDF successfully saved in /home/andrey/WAB3_cache/53290287-3464-437e-9482-ef4447dd668f/kudir_header.pdf
19:47:53.593 [Thread-10] DEBUG com.github.jhonnymertz.wkhtmltopdf.wrapper.configurations.WrapperConfig - Initialized with default configurations.
19:47:53.651 [Thread-5] DEBUG com.github.jhonnymertz.wkhtmltopdf.wrapper.configurations.WrapperConfig - Wkhtmltopdf command found in classpath: /usr/local/bin/wkhtmltopdf
19:47:53.650 [Thread-10] DEBUG com.github.jhonnymertz.wkhtmltopdf.wrapper.configurations.WrapperConfig - Wkhtmltopdf command found in classpath: /usr/local/bin/wkhtmltopdf
19:47:53.653 [Thread-5] INFO com.github.jhonnymertz.wkhtmltopdf.wrapper.Pdf - Initialized with {xvfbConfig=null, wkhtmltopdfCommand='/usr/local/bin/wkhtmltopdf'}
19:47:53.653 [Thread-10] INFO com.github.jhonnymertz.wkhtmltopdf.wrapper.Pdf - Initialized with {xvfbConfig=null, wkhtmltopdfCommand='/usr/local/bin/wkhtmltopdf'}
19:47:53.658 [Thread-10] DEBUG com.github.jhonnymertz.wkhtmltopdf.wrapper.Pdf - [/usr/local/bin/wkhtmltopdf, /tmp/java-wkhtmltopdf-wrapper9ddafc06-238d-40c3-be4a-afbad1f56a554006863986637895968.html, -]
19:47:53.658 [Thread-5] DEBUG com.github.jhonnymertz.wkhtmltopdf.wrapper.Pdf - [/usr/local/bin/wkhtmltopdf, /tmp/java-wkhtmltopdf-wrapper7d8b2a79-c14c-48ce-9bd4-0a2d96a7e8df4260853714025219701.html, -]
19:47:53.658 [Thread-10] DEBUG com.github.jhonnymertz.wkhtmltopdf.wrapper.Pdf - Generating pdf with: /usr/local/bin/wkhtmltopdf /tmp/java-wkhtmltopdf-wrapper9ddafc06-238d-40c3-be4a-afbad1f56a554006863986637895968.html -
19:47:53.659 [Thread-5] DEBUG com.github.jhonnymertz.wkhtmltopdf.wrapper.Pdf - Generating pdf with: /usr/local/bin/wkhtmltopdf /tmp/java-wkhtmltopdf-wrapper7d8b2a79-c14c-48ce-9bd4-0a2d96a7e8df4260853714025219701.html -
19:47:53.780 [Thread-13] DEBUG com.github.jhonnymertz.wkhtmltopdf.wrapper.Pdf - Wkhtmltopdf output:
Loading pages (1/6)
[>                                                           ] 0%[======>                                                     ] 10%[==============================>                             ] 50%[============================================================] 100%Counting pages (2/6)                                               
[============================================================] Object 1 of 1Resolving links (4/6)                                                       
[============================================================] Object 1 of 1Loading headers and footers (5/6)                                           
Printing pages (6/6)
[>                                                           ] Preparing[============================================================] Page 1 of 1Done                                                                      

19:47:53.783 [Thread-13] INFO com.github.jhonnymertz.wkhtmltopdf.wrapper.Pdf - PDF successfully generated with: /usr/local/bin/wkhtmltopdf /tmp/java-wkhtmltopdf-wrappera2879cd6-6167-4805-8946-f918a3d742788901292735212051369.html -
19:47:53.784 [Thread-13] DEBUG com.github.jhonnymertz.wkhtmltopdf.wrapper.Pdf - Shutting down executor for wkhtmltopdf.
19:47:53.785 [Thread-13] DEBUG com.github.jhonnymertz.wkhtmltopdf.wrapper.Pdf - Cleaning up temporary files...
19:47:53.808 [Thread-13] DEBUG com.github.jhonnymertz.wkhtmltopdf.wrapper.Pdf - Delete temp file at: /tmp/java-wkhtmltopdf-wrappera2879cd6-6167-4805-8946-f918a3d742788901292735212051369.html true
19:47:53.809 [Thread-13] INFO com.github.jhonnymertz.wkhtmltopdf.wrapper.Pdf - PDF successfully saved in /home/andrey/WAB3_cache/3f7718df-5db2-454a-b630-96f83bff1504/kudir_header.pdf
19:47:53.810 [Thread-13] DEBUG com.github.jhonnymertz.wkhtmltopdf.wrapper.configurations.WrapperConfig - Initialized with default configurations.
19:47:53.877 [Thread-13] DEBUG com.github.jhonnymertz.wkhtmltopdf.wrapper.configurations.WrapperConfig - Wkhtmltopdf command found in classpath: /usr/local/bin/wkhtmltopdf
19:47:53.877 [Thread-13] INFO com.github.jhonnymertz.wkhtmltopdf.wrapper.Pdf - Initialized with {xvfbConfig=null, wkhtmltopdfCommand='/usr/local/bin/wkhtmltopdf'}
19:47:53.881 [Thread-13] DEBUG com.github.jhonnymertz.wkhtmltopdf.wrapper.Pdf - [/usr/local/bin/wkhtmltopdf, /tmp/java-wkhtmltopdf-wrapper9d5c3aa7-a641-45b5-9214-132a2d6d253e5194488399546061334.html, -]
19:47:53.882 [Thread-13] DEBUG com.github.jhonnymertz.wkhtmltopdf.wrapper.Pdf - Generating pdf with: /usr/local/bin/wkhtmltopdf /tmp/java-wkhtmltopdf-wrapper9d5c3aa7-a641-45b5-9214-132a2d6d253e5194488399546061334.html -
19:47:54.073 [Thread-14] DEBUG com.github.jhonnymertz.wkhtmltopdf.wrapper.Pdf - Wkhtmltopdf output:
Loading pages (1/6)
[>                                                           ] 0%[======>                                                     ] 10%[==============================>                             ] 50%[============================================================] 100%Counting pages (2/6)                                               
[============================================================] Object 1 of 1Resolving links (4/6)                                                       
[============================================================] Object 1 of 1Loading headers and footers (5/6)                                           
Printing pages (6/6)
[>                                                           ] Preparing[============================================================] Page 1 of 1Done                                                                      

19:47:54.083 [Thread-14] INFO com.github.jhonnymertz.wkhtmltopdf.wrapper.Pdf - PDF successfully generated with: /usr/local/bin/wkhtmltopdf /tmp/java-wkhtmltopdf-wrapper9d092f91-f9ee-412b-a81e-3eaf40e1d6b3277444265220302465.html -
19:47:54.084 [Thread-14] DEBUG com.github.jhonnymertz.wkhtmltopdf.wrapper.Pdf - Shutting down executor for wkhtmltopdf.
19:47:54.085 [Thread-14] DEBUG com.github.jhonnymertz.wkhtmltopdf.wrapper.Pdf - Cleaning up temporary files...
19:47:54.086 [Thread-14] DEBUG com.github.jhonnymertz.wkhtmltopdf.wrapper.Pdf - Delete temp file at: /tmp/java-wkhtmltopdf-wrapper9d092f91-f9ee-412b-a81e-3eaf40e1d6b3277444265220302465.html true
19:47:54.087 [Thread-14] INFO com.github.jhonnymertz.wkhtmltopdf.wrapper.Pdf - PDF successfully saved in /home/andrey/WAB3_cache/794dfc2c-e08b-4c3f-8b4a-f40f0b093725/kudir_header.pdf
19:47:54.088 [Thread-14] DEBUG com.github.jhonnymertz.wkhtmltopdf.wrapper.configurations.WrapperConfig - Initialized with default configurations.
19:47:54.098 [Thread-11] DEBUG com.github.jhonnymertz.wkhtmltopdf.wrapper.Pdf - Wkhtmltopdf output:
Loading pages (1/6)
[>                                                           ] 0%[======>                                                     ] 10%[==============================>                             ] 50%[============================================================] 100%Counting pages (2/6)                                               
[============================================================] Object 1 of 1Resolving links (4/6)                                                       
[============================================================] Object 1 of 1Loading headers and footers (5/6)                                           
Printing pages (6/6)
[>                                                           ] Preparing[============================================================] Page 1 of 1Done                                                                      

19:47:54.099 [Thread-11] INFO com.github.jhonnymertz.wkhtmltopdf.wrapper.Pdf - PDF successfully generated with: /usr/local/bin/wkhtmltopdf /tmp/java-wkhtmltopdf-wrapperf9f9fa9a-0a1e-423b-9228-88cf355dadaa2549834507572516878.html -
19:47:54.099 [Thread-11] DEBUG com.github.jhonnymertz.wkhtmltopdf.wrapper.Pdf - Shutting down executor for wkhtmltopdf.
19:47:54.099 [Thread-11] DEBUG com.github.jhonnymertz.wkhtmltopdf.wrapper.Pdf - Cleaning up temporary files...
19:47:54.099 [Thread-11] DEBUG com.github.jhonnymertz.wkhtmltopdf.wrapper.Pdf - Delete temp file at: /tmp/java-wkhtmltopdf-wrapperf9f9fa9a-0a1e-423b-9228-88cf355dadaa2549834507572516878.html true
19:47:54.100 [Thread-11] INFO com.github.jhonnymertz.wkhtmltopdf.wrapper.Pdf - PDF successfully saved in /home/andrey/WAB3_cache/6f8e0320-8539-44af-8152-5ecb801c084b/kudir_header.pdf
19:47:54.102 [Thread-11] DEBUG com.github.jhonnymertz.wkhtmltopdf.wrapper.configurations.WrapperConfig - Initialized with default configurations.
19:47:54.128 [Thread-14] DEBUG com.github.jhonnymertz.wkhtmltopdf.wrapper.configurations.WrapperConfig - Wkhtmltopdf command found in classpath: /usr/local/bin/wkhtmltopdf
19:47:54.128 [Thread-14] INFO com.github.jhonnymertz.wkhtmltopdf.wrapper.Pdf - Initialized with {xvfbConfig=null, wkhtmltopdfCommand='/usr/local/bin/wkhtmltopdf'}
19:47:54.131 [Thread-14] DEBUG com.github.jhonnymertz.wkhtmltopdf.wrapper.Pdf - [/usr/local/bin/wkhtmltopdf, /tmp/java-wkhtmltopdf-wrapper6a5625e9-2fbb-4969-b03f-6d5261affc9c8725671619460296751.html, -]
19:47:54.132 [Thread-14] DEBUG com.github.jhonnymertz.wkhtmltopdf.wrapper.Pdf - Generating pdf with: /usr/local/bin/wkhtmltopdf /tmp/java-wkhtmltopdf-wrapper6a5625e9-2fbb-4969-b03f-6d5261affc9c8725671619460296751.html -
19:47:54.148 [Thread-11] DEBUG com.github.jhonnymertz.wkhtmltopdf.wrapper.configurations.WrapperConfig - Wkhtmltopdf command found in classpath: /usr/local/bin/wkhtmltopdf
19:47:54.148 [Thread-11] INFO com.github.jhonnymertz.wkhtmltopdf.wrapper.Pdf - Initialized with {xvfbConfig=null, wkhtmltopdfCommand='/usr/local/bin/wkhtmltopdf'}
19:47:54.150 [Thread-11] DEBUG com.github.jhonnymertz.wkhtmltopdf.wrapper.Pdf - [/usr/local/bin/wkhtmltopdf, /tmp/java-wkhtmltopdf-wrapper734cf89b-afff-4c6d-a72d-353747a4775c3144347498479993853.html, -]
19:47:54.150 [Thread-11] DEBUG com.github.jhonnymertz.wkhtmltopdf.wrapper.Pdf - Generating pdf with: /usr/local/bin/wkhtmltopdf /tmp/java-wkhtmltopdf-wrapper734cf89b-afff-4c6d-a72d-353747a4775c3144347498479993853.html -
19:47:54.304 [Thread-24] DEBUG com.github.jhonnymertz.wkhtmltopdf.wrapper.Pdf - Wkhtmltopdf output:
Loading pages (1/6)
[>                                                           ] 0%[======>                                                     ] 10%[==============================>                             ] 50%[============================================================] 100%Counting pages (2/6)                                               
[============================================================] Object 1 of 1Resolving links (4/6)                                                       
[============================================================] Object 1 of 1Loading headers and footers (5/6)                                           
Printing pages (6/6)
[>                                                           ] Preparing[============================================================] Page 1 of 1Done                                                                      

19:47:54.304 [Thread-24] INFO com.github.jhonnymertz.wkhtmltopdf.wrapper.Pdf - PDF successfully generated with: /usr/local/bin/wkhtmltopdf /tmp/java-wkhtmltopdf-wrapper795c509f-9b10-478b-9280-66829e22abde4536382626383588125.html -
19:47:54.306 [Thread-24] DEBUG com.github.jhonnymertz.wkhtmltopdf.wrapper.Pdf - Shutting down executor for wkhtmltopdf.
19:47:54.307 [Thread-24] DEBUG com.github.jhonnymertz.wkhtmltopdf.wrapper.Pdf - Cleaning up temporary files...
19:47:54.308 [Thread-24] DEBUG com.github.jhonnymertz.wkhtmltopdf.wrapper.Pdf - Delete temp file at: /tmp/java-wkhtmltopdf-wrapper795c509f-9b10-478b-9280-66829e22abde4536382626383588125.html true
19:47:54.309 [Thread-24] INFO com.github.jhonnymertz.wkhtmltopdf.wrapper.Pdf - PDF successfully saved in /home/andrey/WAB3_cache/8a7941e7-5426-47ac-92af-6bb7adaad6bb/kudir_header.pdf
19:47:54.309 [Thread-24] DEBUG com.github.jhonnymertz.wkhtmltopdf.wrapper.configurations.WrapperConfig - Initialized with default configurations.
19:47:54.350 [Thread-24] DEBUG com.github.jhonnymertz.wkhtmltopdf.wrapper.configurations.WrapperConfig - Wkhtmltopdf command found in classpath: /usr/local/bin/wkhtmltopdf
19:47:54.350 [Thread-24] INFO com.github.jhonnymertz.wkhtmltopdf.wrapper.Pdf - Initialized with {xvfbConfig=null, wkhtmltopdfCommand='/usr/local/bin/wkhtmltopdf'}
19:47:54.352 [Thread-24] DEBUG com.github.jhonnymertz.wkhtmltopdf.wrapper.Pdf - [/usr/local/bin/wkhtmltopdf, /tmp/java-wkhtmltopdf-wrapper7ceea1cd-5cb5-44f5-85eb-3cac215171158555824044525681833.html, -]
19:47:54.352 [Thread-24] DEBUG com.github.jhonnymertz.wkhtmltopdf.wrapper.Pdf - Generating pdf with: /usr/local/bin/wkhtmltopdf /tmp/java-wkhtmltopdf-wrapper7ceea1cd-5cb5-44f5-85eb-3cac215171158555824044525681833.html -
19:47:54.405 [Thread-21] DEBUG com.github.jhonnymertz.wkhtmltopdf.wrapper.Pdf - Wkhtmltopdf output:
Loading pages (1/6)
[>                                                           ] 0%[======>                                                     ] 10%[==============================>                             ] 50%[============================================================] 100%Counting pages (2/6)                                               
[============================================================] Object 1 of 1Resolving links (4/6)                                                       
[============================================================] Object 1 of 1Loading headers and footers (5/6)                                           
Printing pages (6/6)
[>                                                           ] Preparing[============================================================] Page 1 of 1Done                                                                      

19:47:54.407 [Thread-21] INFO com.github.jhonnymertz.wkhtmltopdf.wrapper.Pdf - PDF successfully generated with: /usr/local/bin/wkhtmltopdf /tmp/java-wkhtmltopdf-wrapper173e7487-6e51-479f-b656-28d3e54fd0744208112350889916833.html -
19:47:54.408 [Thread-21] DEBUG com.github.jhonnymertz.wkhtmltopdf.wrapper.Pdf - Shutting down executor for wkhtmltopdf.
19:47:54.423 [Thread-21] DEBUG com.github.jhonnymertz.wkhtmltopdf.wrapper.Pdf - Cleaning up temporary files...
19:47:54.424 [Thread-21] DEBUG com.github.jhonnymertz.wkhtmltopdf.wrapper.Pdf - Delete temp file at: /tmp/java-wkhtmltopdf-wrapper173e7487-6e51-479f-b656-28d3e54fd0744208112350889916833.html true
19:47:54.425 [Thread-21] INFO com.github.jhonnymertz.wkhtmltopdf.wrapper.Pdf - PDF successfully saved in /home/andrey/WAB3_cache/9b0def63-3019-4316-b6ab-60cf887874d8/kudir_header.pdf
19:47:54.425 [Thread-21] DEBUG com.github.jhonnymertz.wkhtmltopdf.wrapper.configurations.WrapperConfig - Initialized with default configurations.
19:47:54.467 [Thread-21] DEBUG com.github.jhonnymertz.wkhtmltopdf.wrapper.configurations.WrapperConfig - Wkhtmltopdf command found in classpath: /usr/local/bin/wkhtmltopdf
19:47:54.468 [Thread-21] INFO com.github.jhonnymertz.wkhtmltopdf.wrapper.Pdf - Initialized with {xvfbConfig=null, wkhtmltopdfCommand='/usr/local/bin/wkhtmltopdf'}
19:47:54.470 [Thread-21] DEBUG com.github.jhonnymertz.wkhtmltopdf.wrapper.Pdf - [/usr/local/bin/wkhtmltopdf, /tmp/java-wkhtmltopdf-wrapper9ac57186-ee55-4c99-8698-e34b36245b01284417031542205466.html, -]
19:47:54.470 [Thread-21] DEBUG com.github.jhonnymertz.wkhtmltopdf.wrapper.Pdf - Generating pdf with: /usr/local/bin/wkhtmltopdf /tmp/java-wkhtmltopdf-wrapper9ac57186-ee55-4c99-8698-e34b36245b01284417031542205466.html -
19:47:54.744 [Thread-9] DEBUG com.github.jhonnymertz.wkhtmltopdf.wrapper.Pdf - Wkhtmltopdf output:
Loading pages (1/6)
[>                                                           ] 0%[======>                                                     ] 10%[==============================>                             ] 50%[============================================================] 100%Counting pages (2/6)                                               
[============================================================] Object 1 of 1Resolving links (4/6)                                                       
[============================================================] Object 1 of 1Loading headers and footers (5/6)                                           
Printing pages (6/6)
[>                                                           ] Preparing[============================================================] Page 1 of 1Done                                                                      

19:47:54.746 [Thread-9] INFO com.github.jhonnymertz.wkhtmltopdf.wrapper.Pdf - PDF successfully generated with: /usr/local/bin/wkhtmltopdf /tmp/java-wkhtmltopdf-wrapper4dbf5169-9b74-4959-b846-a90a73795f343028059532073174575.html -
19:47:54.747 [Thread-9] DEBUG com.github.jhonnymertz.wkhtmltopdf.wrapper.Pdf - Shutting down executor for wkhtmltopdf.
19:47:54.747 [Thread-9] DEBUG com.github.jhonnymertz.wkhtmltopdf.wrapper.Pdf - Cleaning up temporary files...
19:47:54.749 [Thread-9] DEBUG com.github.jhonnymertz.wkhtmltopdf.wrapper.Pdf - Delete temp file at: /tmp/java-wkhtmltopdf-wrapper4dbf5169-9b74-4959-b846-a90a73795f343028059532073174575.html true
19:47:54.750 [Thread-9] INFO com.github.jhonnymertz.wkhtmltopdf.wrapper.Pdf - PDF successfully saved in /home/andrey/WAB3_cache/7ed1691d-1de1-4369-b837-5a563cc613a9/kudir_header.pdf
19:47:54.750 [Thread-9] DEBUG com.github.jhonnymertz.wkhtmltopdf.wrapper.configurations.WrapperConfig - Initialized with default configurations.
19:47:54.792 [Thread-9] DEBUG com.github.jhonnymertz.wkhtmltopdf.wrapper.configurations.WrapperConfig - Wkhtmltopdf command found in classpath: /usr/local/bin/wkhtmltopdf
19:47:54.792 [Thread-9] INFO com.github.jhonnymertz.wkhtmltopdf.wrapper.Pdf - Initialized with {xvfbConfig=null, wkhtmltopdfCommand='/usr/local/bin/wkhtmltopdf'}
19:47:54.794 [Thread-9] DEBUG com.github.jhonnymertz.wkhtmltopdf.wrapper.Pdf - [/usr/local/bin/wkhtmltopdf, /tmp/java-wkhtmltopdf-wrapper5ccf7334-aa03-49dd-a3df-ab511004dec53049383806217649478.html, -]
19:47:54.795 [Thread-9] DEBUG com.github.jhonnymertz.wkhtmltopdf.wrapper.Pdf - Generating pdf with: /usr/local/bin/wkhtmltopdf /tmp/java-wkhtmltopdf-wrapper5ccf7334-aa03-49dd-a3df-ab511004dec53049383806217649478.html -
19:47:55.225 [Thread-17] DEBUG com.github.jhonnymertz.wkhtmltopdf.wrapper.Pdf - Wkhtmltopdf output:
Loading pages (1/6)
[>                                                           ] 0%[======>                                                     ] 10%[==============================>                             ] 50%[============================================================] 100%Counting pages (2/6)                                               
[============================================================] Object 1 of 1Resolving links (4/6)                                                       
[============================================================] Object 1 of 1Loading headers and footers (5/6)                                           
Printing pages (6/6)
[>                                                           ] Preparing[============================================================] Page 1 of 1Done                                                                      

19:47:55.227 [Thread-17] INFO com.github.jhonnymertz.wkhtmltopdf.wrapper.Pdf - PDF successfully generated with: /usr/local/bin/wkhtmltopdf /tmp/java-wkhtmltopdf-wrapper8ce3a079-a3a7-477f-988b-8c529880abfe2063545305055797569.html -
19:47:55.227 [Thread-17] DEBUG com.github.jhonnymertz.wkhtmltopdf.wrapper.Pdf - Shutting down executor for wkhtmltopdf.
19:47:55.228 [Thread-17] DEBUG com.github.jhonnymertz.wkhtmltopdf.wrapper.Pdf - Cleaning up temporary files...
19:47:55.230 [Thread-17] DEBUG com.github.jhonnymertz.wkhtmltopdf.wrapper.Pdf - Delete temp file at: /tmp/java-wkhtmltopdf-wrapper8ce3a079-a3a7-477f-988b-8c529880abfe2063545305055797569.html true
19:47:55.232 [Thread-17] INFO com.github.jhonnymertz.wkhtmltopdf.wrapper.Pdf - PDF successfully saved in /home/andrey/WAB3_cache/f1596384-3747-4e5c-92b8-6088dbad14e0/kudir_header.pdf
19:47:55.233 [Thread-17] DEBUG com.github.jhonnymertz.wkhtmltopdf.wrapper.configurations.WrapperConfig - Initialized with default configurations.
19:47:55.241 [Thread-8] DEBUG com.github.jhonnymertz.wkhtmltopdf.wrapper.Pdf - Wkhtmltopdf output:
Loading pages (1/6)
[>                                                           ] 0%[======>                                                     ] 10%[==============================>                             ] 50%[============================================================] 100%Counting pages (2/6)                                               
[============================================================] Object 1 of 1Resolving links (4/6)                                                       
[============================================================] Object 1 of 1Loading headers and footers (5/6)                                           
Printing pages (6/6)
[>                                                           ] Preparing[============================================================] Page 1 of 1Done                                                                      

19:47:55.242 [Thread-8] INFO com.github.jhonnymertz.wkhtmltopdf.wrapper.Pdf - PDF successfully generated with: /usr/local/bin/wkhtmltopdf /tmp/java-wkhtmltopdf-wrapperfa7964ad-0ab5-4ef2-b106-5ba318ae367c2185957738477653554.html -
19:47:55.242 [Thread-8] DEBUG com.github.jhonnymertz.wkhtmltopdf.wrapper.Pdf - Shutting down executor for wkhtmltopdf.
19:47:55.242 [Thread-8] DEBUG com.github.jhonnymertz.wkhtmltopdf.wrapper.Pdf - Cleaning up temporary files...
19:47:55.242 [Thread-8] DEBUG com.github.jhonnymertz.wkhtmltopdf.wrapper.Pdf - Delete temp file at: /tmp/java-wkhtmltopdf-wrapperfa7964ad-0ab5-4ef2-b106-5ba318ae367c2185957738477653554.html true
19:47:55.243 [Thread-8] INFO com.github.jhonnymertz.wkhtmltopdf.wrapper.Pdf - PDF successfully saved in /home/andrey/WAB3_cache/fac5f4cf-1f85-41ec-b553-163b80ac8b24/kudir_header.pdf
19:47:55.243 [Thread-8] DEBUG com.github.jhonnymertz.wkhtmltopdf.wrapper.configurations.WrapperConfig - Initialized with default configurations.
19:47:55.279 [Thread-17] DEBUG com.github.jhonnymertz.wkhtmltopdf.wrapper.configurations.WrapperConfig - Wkhtmltopdf command found in classpath: /usr/local/bin/wkhtmltopdf
19:47:55.279 [Thread-17] INFO com.github.jhonnymertz.wkhtmltopdf.wrapper.Pdf - Initialized with {xvfbConfig=null, wkhtmltopdfCommand='/usr/local/bin/wkhtmltopdf'}
19:47:55.281 [Thread-17] DEBUG com.github.jhonnymertz.wkhtmltopdf.wrapper.Pdf - [/usr/local/bin/wkhtmltopdf, /tmp/java-wkhtmltopdf-wrappercc54183f-1dd2-47e6-af81-d653313ce6528716198014628058294.html, -]
19:47:55.282 [Thread-17] DEBUG com.github.jhonnymertz.wkhtmltopdf.wrapper.Pdf - Generating pdf with: /usr/local/bin/wkhtmltopdf /tmp/java-wkhtmltopdf-wrappercc54183f-1dd2-47e6-af81-d653313ce6528716198014628058294.html -
19:47:55.293 [Thread-8] DEBUG com.github.jhonnymertz.wkhtmltopdf.wrapper.configurations.WrapperConfig - Wkhtmltopdf command found in classpath: /usr/local/bin/wkhtmltopdf
19:47:55.294 [Thread-8] INFO com.github.jhonnymertz.wkhtmltopdf.wrapper.Pdf - Initialized with {xvfbConfig=null, wkhtmltopdfCommand='/usr/local/bin/wkhtmltopdf'}
19:47:55.295 [Thread-8] DEBUG com.github.jhonnymertz.wkhtmltopdf.wrapper.Pdf - [/usr/local/bin/wkhtmltopdf, /tmp/java-wkhtmltopdf-wrapper57bdf44c-3904-4409-a27a-370d0dba20a86446729933112611966.html, -]
19:47:55.296 [Thread-8] DEBUG com.github.jhonnymertz.wkhtmltopdf.wrapper.Pdf - Generating pdf with: /usr/local/bin/wkhtmltopdf /tmp/java-wkhtmltopdf-wrapper57bdf44c-3904-4409-a27a-370d0dba20a86446729933112611966.html -
19:47:55.344 [Thread-18] DEBUG com.github.jhonnymertz.wkhtmltopdf.wrapper.Pdf - Wkhtmltopdf output:
Loading pages (1/6)
[>                                                           ] 0%[======>                                                     ] 10%[==============================>                             ] 50%[============================================================] 100%Counting pages (2/6)                                               
[============================================================] Object 1 of 1Resolving links (4/6)                                                       
[============================================================] Object 1 of 1Loading headers and footers (5/6)                                           
Printing pages (6/6)
[>                                                           ] Preparing[============================================================] Page 1 of 1Done                                                                      

19:47:55.344 [Thread-18] INFO com.github.jhonnymertz.wkhtmltopdf.wrapper.Pdf - PDF successfully generated with: /usr/local/bin/wkhtmltopdf /tmp/java-wkhtmltopdf-wrapperd9c02c24-44d0-4497-9843-ad14cc1e9a022551659663582051246.html -
19:47:55.345 [Thread-15] DEBUG com.github.jhonnymertz.wkhtmltopdf.wrapper.Pdf - Wkhtmltopdf output:
Loading pages (1/6)
[>                                                           ] 0%[======>                                                     ] 10%[==============================>                             ] 50%[============================================================] 100%Counting pages (2/6)                                               
[============================================================] Object 1 of 1Resolving links (4/6)                                                       
[============================================================] Object 1 of 1Loading headers and footers (5/6)                                           
Printing pages (6/6)
[>                                                           ] Preparing[============================================================] Page 1 of 1Done                                                                      

19:47:55.345 [Thread-15] INFO com.github.jhonnymertz.wkhtmltopdf.wrapper.Pdf - PDF successfully generated with: /usr/local/bin/wkhtmltopdf /tmp/java-wkhtmltopdf-wrappereaac14bd-2717-4890-b23d-d82493857c1b913746645961237227.html -
19:47:55.345 [Thread-15] DEBUG com.github.jhonnymertz.wkhtmltopdf.wrapper.Pdf - Shutting down executor for wkhtmltopdf.
19:47:55.345 [Thread-18] DEBUG com.github.jhonnymertz.wkhtmltopdf.wrapper.Pdf - Shutting down executor for wkhtmltopdf.
19:47:55.358 [Thread-15] DEBUG com.github.jhonnymertz.wkhtmltopdf.wrapper.Pdf - Cleaning up temporary files...
19:47:55.358 [Thread-15] DEBUG com.github.jhonnymertz.wkhtmltopdf.wrapper.Pdf - Delete temp file at: /tmp/java-wkhtmltopdf-wrappereaac14bd-2717-4890-b23d-d82493857c1b913746645961237227.html true
19:47:55.359 [Thread-15] INFO com.github.jhonnymertz.wkhtmltopdf.wrapper.Pdf - PDF successfully saved in /home/andrey/WAB3_cache/941d5f59-6772-4e7b-bbf7-5812c555fbcd/kudir_header.pdf
19:47:55.360 [Thread-15] DEBUG com.github.jhonnymertz.wkhtmltopdf.wrapper.configurations.WrapperConfig - Initialized with default configurations.
19:47:55.366 [Thread-22] DEBUG com.github.jhonnymertz.wkhtmltopdf.wrapper.Pdf - Wkhtmltopdf output:
Loading pages (1/6)
[>                                                           ] 0%[======>                                                     ] 10%[==============================>                             ] 50%[============================================================] 100%Counting pages (2/6)                                               
[============================================================] Object 1 of 1Resolving links (4/6)                                                       
[============================================================] Object 1 of 1Loading headers and footers (5/6)                                           
Printing pages (6/6)
[>                                                           ] Preparing[============================================================] Page 1 of 1Done                                                                      

19:47:55.366 [Thread-22] INFO com.github.jhonnymertz.wkhtmltopdf.wrapper.Pdf - PDF successfully generated with: /usr/local/bin/wkhtmltopdf /tmp/java-wkhtmltopdf-wrapper028674a8-089c-4ba0-bbcc-85df291cac6d4394280029781095297.html -
19:47:55.366 [Thread-22] DEBUG com.github.jhonnymertz.wkhtmltopdf.wrapper.Pdf - Shutting down executor for wkhtmltopdf.
19:47:55.380 [Thread-18] DEBUG com.github.jhonnymertz.wkhtmltopdf.wrapper.Pdf - Cleaning up temporary files...
19:47:55.415 [Thread-20] DEBUG com.github.jhonnymertz.wkhtmltopdf.wrapper.Pdf - Wkhtmltopdf output:
Loading pages (1/6)
[>                                                           ] 0%[======>                                                     ] 10%[==============================>                             ] 50%[============================================================] 100%Counting pages (2/6)                                               
[============================================================] Object 1 of 1Resolving links (4/6)                                                       
[============================================================] Object 1 of 1Loading headers and footers (5/6)                                           
Printing pages (6/6)
[>                                                           ] Preparing[============================================================] Page 1 of 1Done                                                                      

19:47:55.380 [Thread-22] DEBUG com.github.jhonnymertz.wkhtmltopdf.wrapper.Pdf - Cleaning up temporary files...
19:47:55.409 [Thread-15] DEBUG com.github.jhonnymertz.wkhtmltopdf.wrapper.configurations.WrapperConfig - Wkhtmltopdf command found in classpath: /usr/local/bin/wkhtmltopdf
19:47:55.423 [Thread-15] INFO com.github.jhonnymertz.wkhtmltopdf.wrapper.Pdf - Initialized with {xvfbConfig=null, wkhtmltopdfCommand='/usr/local/bin/wkhtmltopdf'}
19:47:55.424 [Thread-20] INFO com.github.jhonnymertz.wkhtmltopdf.wrapper.Pdf - PDF successfully generated with: /usr/local/bin/wkhtmltopdf /tmp/java-wkhtmltopdf-wrapper61f63d78-37fe-4306-9477-dab8480e80e07279220991123928037.html -
19:47:55.424 [Thread-22] DEBUG com.github.jhonnymertz.wkhtmltopdf.wrapper.Pdf - Delete temp file at: /tmp/java-wkhtmltopdf-wrapper028674a8-089c-4ba0-bbcc-85df291cac6d4394280029781095297.html true
19:47:55.424 [Thread-18] DEBUG com.github.jhonnymertz.wkhtmltopdf.wrapper.Pdf - Delete temp file at: /tmp/java-wkhtmltopdf-wrapperd9c02c24-44d0-4497-9843-ad14cc1e9a022551659663582051246.html true
19:47:55.425 [Thread-20] DEBUG com.github.jhonnymertz.wkhtmltopdf.wrapper.Pdf - Shutting down executor for wkhtmltopdf.
19:47:55.426 [Thread-22] INFO com.github.jhonnymertz.wkhtmltopdf.wrapper.Pdf - PDF successfully saved in /home/andrey/WAB3_cache/ef06289b-4f24-464c-b2f4-6a35ca0f2a85/kudir_header.pdf
19:47:55.427 [Thread-18] INFO com.github.jhonnymertz.wkhtmltopdf.wrapper.Pdf - PDF successfully saved in /home/andrey/WAB3_cache/5ff310a0-f390-4da9-bff9-af9fa073e672/kudir_header.pdf
19:47:55.427 [Thread-20] DEBUG com.github.jhonnymertz.wkhtmltopdf.wrapper.Pdf - Cleaning up temporary files...
19:47:55.428 [Thread-22] DEBUG com.github.jhonnymertz.wkhtmltopdf.wrapper.configurations.WrapperConfig - Initialized with default configurations.
19:47:55.429 [Thread-18] DEBUG com.github.jhonnymertz.wkhtmltopdf.wrapper.configurations.WrapperConfig - Initialized with default configurations.
19:47:55.430 [Thread-20] DEBUG com.github.jhonnymertz.wkhtmltopdf.wrapper.Pdf - Delete temp file at: /tmp/java-wkhtmltopdf-wrapper61f63d78-37fe-4306-9477-dab8480e80e07279220991123928037.html true
19:47:55.431 [Thread-15] DEBUG com.github.jhonnymertz.wkhtmltopdf.wrapper.Pdf - [/usr/local/bin/wkhtmltopdf, /tmp/java-wkhtmltopdf-wrapper3f9fedd5-cd94-438c-8109-b089adbe52a57094451348043686088.html, -]
19:47:55.433 [Thread-15] DEBUG com.github.jhonnymertz.wkhtmltopdf.wrapper.Pdf - Generating pdf with: /usr/local/bin/wkhtmltopdf /tmp/java-wkhtmltopdf-wrapper3f9fedd5-cd94-438c-8109-b089adbe52a57094451348043686088.html -
19:47:55.433 [Thread-20] INFO com.github.jhonnymertz.wkhtmltopdf.wrapper.Pdf - PDF successfully saved in /home/andrey/WAB3_cache/376e1bae-9073-4822-8895-4c703ca946e4/kudir_header.pdf
19:47:55.434 [Thread-20] DEBUG com.github.jhonnymertz.wkhtmltopdf.wrapper.configurations.WrapperConfig - Initialized with default configurations.
19:47:55.447 [Thread-12] DEBUG com.github.jhonnymertz.wkhtmltopdf.wrapper.Pdf - Wkhtmltopdf output:
Loading pages (1/6)
[>                                                           ] 0%[======>                                                     ] 10%[==============================>                             ] 50%[============================================================] 100%Counting pages (2/6)                                               
[============================================================] Object 1 of 1Resolving links (4/6)                                                       
[============================================================] Object 1 of 1Loading headers and footers (5/6)                                           
Printing pages (6/6)
[>                                                           ] Preparing[============================================================] Page 1 of 1Done                                                                      

19:47:55.447 [Thread-12] INFO com.github.jhonnymertz.wkhtmltopdf.wrapper.Pdf - PDF successfully generated with: /usr/local/bin/wkhtmltopdf /tmp/java-wkhtmltopdf-wrapper12e8d7d7-cc7e-4495-bf21-0327a36da64b3150018972880429110.html -
19:47:55.447 [Thread-12] DEBUG com.github.jhonnymertz.wkhtmltopdf.wrapper.Pdf - Shutting down executor for wkhtmltopdf.
19:47:55.458 [Thread-12] DEBUG com.github.jhonnymertz.wkhtmltopdf.wrapper.Pdf - Cleaning up temporary files...
19:47:55.461 [Thread-12] DEBUG com.github.jhonnymertz.wkhtmltopdf.wrapper.Pdf - Delete temp file at: /tmp/java-wkhtmltopdf-wrapper12e8d7d7-cc7e-4495-bf21-0327a36da64b3150018972880429110.html true
19:47:55.461 [Thread-12] INFO com.github.jhonnymertz.wkhtmltopdf.wrapper.Pdf - PDF successfully saved in /home/andrey/WAB3_cache/1f20a9b0-35db-47a4-aa95-db9f9f610ecc/kudir_header.pdf
19:47:55.461 [Thread-12] DEBUG com.github.jhonnymertz.wkhtmltopdf.wrapper.configurations.WrapperConfig - Initialized with default configurations.
19:47:55.493 [Thread-18] DEBUG com.github.jhonnymertz.wkhtmltopdf.wrapper.configurations.WrapperConfig - Wkhtmltopdf command found in classpath: /usr/local/bin/wkhtmltopdf
19:47:55.493 [Thread-18] INFO com.github.jhonnymertz.wkhtmltopdf.wrapper.Pdf - Initialized with {xvfbConfig=null, wkhtmltopdfCommand='/usr/local/bin/wkhtmltopdf'}
19:47:55.495 [Thread-22] DEBUG com.github.jhonnymertz.wkhtmltopdf.wrapper.configurations.WrapperConfig - Wkhtmltopdf command found in classpath: /usr/local/bin/wkhtmltopdf
19:47:55.496 [Thread-22] INFO com.github.jhonnymertz.wkhtmltopdf.wrapper.Pdf - Initialized with {xvfbConfig=null, wkhtmltopdfCommand='/usr/local/bin/wkhtmltopdf'}
19:47:55.498 [Thread-18] DEBUG com.github.jhonnymertz.wkhtmltopdf.wrapper.Pdf - [/usr/local/bin/wkhtmltopdf, /tmp/java-wkhtmltopdf-wrapper479fa8fe-75c0-4749-bd6b-02a370bfdfc03824809350428548748.html, -]
19:47:55.499 [Thread-18] DEBUG com.github.jhonnymertz.wkhtmltopdf.wrapper.Pdf - Generating pdf with: /usr/local/bin/wkhtmltopdf /tmp/java-wkhtmltopdf-wrapper479fa8fe-75c0-4749-bd6b-02a370bfdfc03824809350428548748.html -
19:47:55.500 [Thread-22] DEBUG com.github.jhonnymertz.wkhtmltopdf.wrapper.Pdf - [/usr/local/bin/wkhtmltopdf, /tmp/java-wkhtmltopdf-wrapper6db29c3c-f322-410b-9332-de6db7a1b12669908600559413190.html, -]
19:47:55.501 [Thread-22] DEBUG com.github.jhonnymertz.wkhtmltopdf.wrapper.Pdf - Generating pdf with: /usr/local/bin/wkhtmltopdf /tmp/java-wkhtmltopdf-wrapper6db29c3c-f322-410b-9332-de6db7a1b12669908600559413190.html -
19:47:55.505 [Thread-20] DEBUG com.github.jhonnymertz.wkhtmltopdf.wrapper.configurations.WrapperConfig - Wkhtmltopdf command found in classpath: /usr/local/bin/wkhtmltopdf
19:47:55.506 [Thread-20] INFO com.github.jhonnymertz.wkhtmltopdf.wrapper.Pdf - Initialized with {xvfbConfig=null, wkhtmltopdfCommand='/usr/local/bin/wkhtmltopdf'}
19:47:55.507 [Thread-20] DEBUG com.github.jhonnymertz.wkhtmltopdf.wrapper.Pdf - [/usr/local/bin/wkhtmltopdf, /tmp/java-wkhtmltopdf-wrapper1415c10d-ca8b-452d-9d55-1e6ef85077991787134283826894184.html, -]
19:47:55.508 [Thread-20] DEBUG com.github.jhonnymertz.wkhtmltopdf.wrapper.Pdf - Generating pdf with: /usr/local/bin/wkhtmltopdf /tmp/java-wkhtmltopdf-wrapper1415c10d-ca8b-452d-9d55-1e6ef85077991787134283826894184.html -
19:47:55.530 [Thread-12] DEBUG com.github.jhonnymertz.wkhtmltopdf.wrapper.configurations.WrapperConfig - Wkhtmltopdf command found in classpath: /usr/local/bin/wkhtmltopdf
19:47:55.530 [Thread-12] INFO com.github.jhonnymertz.wkhtmltopdf.wrapper.Pdf - Initialized with {xvfbConfig=null, wkhtmltopdfCommand='/usr/local/bin/wkhtmltopdf'}
19:47:55.569 [Thread-12] DEBUG com.github.jhonnymertz.wkhtmltopdf.wrapper.Pdf - [/usr/local/bin/wkhtmltopdf, /tmp/java-wkhtmltopdf-wrapper5ec3d5bc-ec49-459b-9a4e-937ede314f9d8573674018470996361.html, -]
19:47:55.569 [Thread-12] DEBUG com.github.jhonnymertz.wkhtmltopdf.wrapper.Pdf - Generating pdf with: /usr/local/bin/wkhtmltopdf /tmp/java-wkhtmltopdf-wrapper5ec3d5bc-ec49-459b-9a4e-937ede314f9d8573674018470996361.html -
19:47:55.641 [Thread-7] DEBUG com.github.jhonnymertz.wkhtmltopdf.wrapper.Pdf - Wkhtmltopdf output:
Loading pages (1/6)
[>                                                           ] 0%[======>                                                     ] 10%[==============================>                             ] 50%[============================================================] 100%Counting pages (2/6)                                               
[============================================================] Object 1 of 1Resolving links (4/6)                                                       
[============================================================] Object 1 of 1Loading headers and footers (5/6)                                           
Printing pages (6/6)
[>                                                           ] Preparing[============================================================] Page 1 of 1Done                                                                      

19:47:55.643 [Thread-7] INFO com.github.jhonnymertz.wkhtmltopdf.wrapper.Pdf - PDF successfully generated with: /usr/local/bin/wkhtmltopdf /tmp/java-wkhtmltopdf-wrapper0452aadd-c3e0-4247-9a72-ba64c69c2421320327250946785162.html -
19:47:55.644 [Thread-7] DEBUG com.github.jhonnymertz.wkhtmltopdf.wrapper.Pdf - Shutting down executor for wkhtmltopdf.
19:47:55.691 [Thread-7] DEBUG com.github.jhonnymertz.wkhtmltopdf.wrapper.Pdf - Cleaning up temporary files...
19:47:55.692 [Thread-7] DEBUG com.github.jhonnymertz.wkhtmltopdf.wrapper.Pdf - Delete temp file at: /tmp/java-wkhtmltopdf-wrapper0452aadd-c3e0-4247-9a72-ba64c69c2421320327250946785162.html true
19:47:55.693 [Thread-7] INFO com.github.jhonnymertz.wkhtmltopdf.wrapper.Pdf - PDF successfully saved in /home/andrey/WAB3_cache/725f5ce3-4258-40a7-b0e2-67aa5026d300/kudir_header.pdf
19:47:55.693 [Thread-7] DEBUG com.github.jhonnymertz.wkhtmltopdf.wrapper.configurations.WrapperConfig - Initialized with default configurations.
19:47:55.714 [Thread-23] DEBUG com.github.jhonnymertz.wkhtmltopdf.wrapper.Pdf - Wkhtmltopdf output:
Loading pages (1/6)
[>                                                           ] 0%[======>                                                     ] 10%[==============================>                             ] 50%[============================================================] 100%Counting pages (2/6)                                               
[============================================================] Object 1 of 1Resolving links (4/6)                                                       
[============================================================] Object 1 of 1Loading headers and footers (5/6)                                           
Printing pages (6/6)
[>                                                           ] Preparing[============================================================] Page 1 of 1Done                                                                      

19:47:55.715 [Thread-23] INFO com.github.jhonnymertz.wkhtmltopdf.wrapper.Pdf - PDF successfully generated with: /usr/local/bin/wkhtmltopdf /tmp/java-wkhtmltopdf-wrapperbdecb645-07e6-4a13-b23d-f0b35d46bea36232342128464794668.html -
19:47:55.715 [Thread-23] DEBUG com.github.jhonnymertz.wkhtmltopdf.wrapper.Pdf - Shutting down executor for wkhtmltopdf.
19:47:55.715 [Thread-23] DEBUG com.github.jhonnymertz.wkhtmltopdf.wrapper.Pdf - Cleaning up temporary files...
19:47:55.716 [Thread-23] DEBUG com.github.jhonnymertz.wkhtmltopdf.wrapper.Pdf - Delete temp file at: /tmp/java-wkhtmltopdf-wrapperbdecb645-07e6-4a13-b23d-f0b35d46bea36232342128464794668.html true
19:47:55.717 [Thread-23] INFO com.github.jhonnymertz.wkhtmltopdf.wrapper.Pdf - PDF successfully saved in /home/andrey/WAB3_cache/72bae195-d489-45fc-bec6-b94ef02854e6/kudir_header.pdf
19:47:55.717 [Thread-23] DEBUG com.github.jhonnymertz.wkhtmltopdf.wrapper.configurations.WrapperConfig - Initialized with default configurations.
19:47:55.754 [Thread-7] DEBUG com.github.jhonnymertz.wkhtmltopdf.wrapper.configurations.WrapperConfig - Wkhtmltopdf command found in classpath: /usr/local/bin/wkhtmltopdf
19:47:55.755 [Thread-7] INFO com.github.jhonnymertz.wkhtmltopdf.wrapper.Pdf - Initialized with {xvfbConfig=null, wkhtmltopdfCommand='/usr/local/bin/wkhtmltopdf'}
19:47:55.757 [Thread-7] DEBUG com.github.jhonnymertz.wkhtmltopdf.wrapper.Pdf - [/usr/local/bin/wkhtmltopdf, /tmp/java-wkhtmltopdf-wrapperb07349ce-271d-43d9-a2f5-b03d69976ca88966544442588819946.html, -]
19:47:55.757 [Thread-7] DEBUG com.github.jhonnymertz.wkhtmltopdf.wrapper.Pdf - Generating pdf with: /usr/local/bin/wkhtmltopdf /tmp/java-wkhtmltopdf-wrapperb07349ce-271d-43d9-a2f5-b03d69976ca88966544442588819946.html -
19:47:55.781 [Thread-23] DEBUG com.github.jhonnymertz.wkhtmltopdf.wrapper.configurations.WrapperConfig - Wkhtmltopdf command found in classpath: /usr/local/bin/wkhtmltopdf
19:47:55.781 [Thread-23] INFO com.github.jhonnymertz.wkhtmltopdf.wrapper.Pdf - Initialized with {xvfbConfig=null, wkhtmltopdfCommand='/usr/local/bin/wkhtmltopdf'}
19:47:55.783 [Thread-23] DEBUG com.github.jhonnymertz.wkhtmltopdf.wrapper.Pdf - [/usr/local/bin/wkhtmltopdf, /tmp/java-wkhtmltopdf-wrapperad374430-e319-4b23-86a2-f27e980630c62244527767011399595.html, -]
19:47:55.783 [Thread-23] DEBUG com.github.jhonnymertz.wkhtmltopdf.wrapper.Pdf - Generating pdf with: /usr/local/bin/wkhtmltopdf /tmp/java-wkhtmltopdf-wrapperad374430-e319-4b23-86a2-f27e980630c62244527767011399595.html -
19:47:55.878 [Thread-19] DEBUG com.github.jhonnymertz.wkhtmltopdf.wrapper.Pdf - Wkhtmltopdf output:
Loading pages (1/6)
[>                                                           ] 0%[======>                                                     ] 10%[==============================>                             ] 50%[============================================================] 100%Counting pages (2/6)                                               
[============================================================] Object 1 of 1Resolving links (4/6)                                                       
[============================================================] Object 1 of 1Loading headers and footers (5/6)                                           
Printing pages (6/6)
[>                                                           ] Preparing[===============>                                            ] Page 1 of 4[==============================>                             ] Page 2 of 4[=============================================>              ] Page 3 of 4[============================================================] Page 4 of 4Done                                                                      

19:47:55.879 [Thread-19] INFO com.github.jhonnymertz.wkhtmltopdf.wrapper.Pdf - PDF successfully generated with: /usr/local/bin/wkhtmltopdf /tmp/java-wkhtmltopdf-wrapper85d1af9c-61ff-463a-9c8a-fe74045697536394930990733032202.html -
19:47:55.880 [Thread-19] DEBUG com.github.jhonnymertz.wkhtmltopdf.wrapper.Pdf - Shutting down executor for wkhtmltopdf.
19:47:55.880 [Thread-19] DEBUG com.github.jhonnymertz.wkhtmltopdf.wrapper.Pdf - Cleaning up temporary files...
19:47:55.881 [Thread-19] DEBUG com.github.jhonnymertz.wkhtmltopdf.wrapper.Pdf - Delete temp file at: /tmp/java-wkhtmltopdf-wrapper85d1af9c-61ff-463a-9c8a-fe74045697536394930990733032202.html true
19:47:55.882 [Thread-19] INFO com.github.jhonnymertz.wkhtmltopdf.wrapper.Pdf - PDF successfully saved in /home/andrey/WAB3_cache/bfba3c85-e7ca-45ef-85c4-586388dfcbec/kudir_incomes.pdf
19:47:55.883 [Thread-19] DEBUG com.github.jhonnymertz.wkhtmltopdf.wrapper.configurations.WrapperConfig - Initialized with default configurations.
19:47:55.899 [Thread-6] DEBUG com.github.jhonnymertz.wkhtmltopdf.wrapper.Pdf - Wkhtmltopdf output:
Loading pages (1/6)
[>                                                           ] 0%[======>                                                     ] 10%[==============================>                             ] 50%[============================================================] 100%Counting pages (2/6)                                               
[============================================================] Object 1 of 1Resolving links (4/6)                                                       
[============================================================] Object 1 of 1Loading headers and footers (5/6)                                           
Printing pages (6/6)
[>                                                           ] Preparing[===============>                                            ] Page 1 of 4[==============================>                             ] Page 2 of 4[=============================================>              ] Page 3 of 4[============================================================] Page 4 of 4Done                                                                      

19:47:55.900 [Thread-6] INFO com.github.jhonnymertz.wkhtmltopdf.wrapper.Pdf - PDF successfully generated with: /usr/local/bin/wkhtmltopdf /tmp/java-wkhtmltopdf-wrapper9bdbffb2-acc0-4b1c-9558-06a0dbf68919511921633094955256.html -
19:47:55.900 [Thread-6] DEBUG com.github.jhonnymertz.wkhtmltopdf.wrapper.Pdf - Shutting down executor for wkhtmltopdf.
19:47:55.900 [Thread-6] DEBUG com.github.jhonnymertz.wkhtmltopdf.wrapper.Pdf - Cleaning up temporary files...
19:47:55.900 [Thread-6] DEBUG com.github.jhonnymertz.wkhtmltopdf.wrapper.Pdf - Delete temp file at: /tmp/java-wkhtmltopdf-wrapper9bdbffb2-acc0-4b1c-9558-06a0dbf68919511921633094955256.html true
19:47:55.902 [Thread-6] INFO com.github.jhonnymertz.wkhtmltopdf.wrapper.Pdf - PDF successfully saved in /home/andrey/WAB3_cache/81963cc8-4f68-4f28-b119-e01ae52a3622/kudir_incomes.pdf
19:47:55.902 [Thread-6] DEBUG com.github.jhonnymertz.wkhtmltopdf.wrapper.configurations.WrapperConfig - Initialized with default configurations.
19:47:55.930 [Thread-19] DEBUG com.github.jhonnymertz.wkhtmltopdf.wrapper.configurations.WrapperConfig - Wkhtmltopdf command found in classpath: /usr/local/bin/wkhtmltopdf
19:47:55.931 [Thread-19] INFO com.github.jhonnymertz.wkhtmltopdf.wrapper.Pdf - Initialized with {xvfbConfig=null, wkhtmltopdfCommand='/usr/local/bin/wkhtmltopdf'}
19:47:55.933 [Thread-19] DEBUG com.github.jhonnymertz.wkhtmltopdf.wrapper.Pdf - [/usr/local/bin/wkhtmltopdf, -O , landscape, /tmp/java-wkhtmltopdf-wrapper41b624d2-8bbd-4f3d-b1eb-4261c4cbe90f5323117969283093525.html, -]
19:47:55.934 [Thread-19] DEBUG com.github.jhonnymertz.wkhtmltopdf.wrapper.Pdf - Generating pdf with: /usr/local/bin/wkhtmltopdf -O  landscape /tmp/java-wkhtmltopdf-wrapper41b624d2-8bbd-4f3d-b1eb-4261c4cbe90f5323117969283093525.html -
19:47:55.947 [Thread-6] DEBUG com.github.jhonnymertz.wkhtmltopdf.wrapper.configurations.WrapperConfig - Wkhtmltopdf command found in classpath: /usr/local/bin/wkhtmltopdf
19:47:55.947 [Thread-6] INFO com.github.jhonnymertz.wkhtmltopdf.wrapper.Pdf - Initialized with {xvfbConfig=null, wkhtmltopdfCommand='/usr/local/bin/wkhtmltopdf'}
19:47:55.949 [Thread-6] DEBUG com.github.jhonnymertz.wkhtmltopdf.wrapper.Pdf - [/usr/local/bin/wkhtmltopdf, -O , landscape, /tmp/java-wkhtmltopdf-wrapper50e68893-f69c-488b-918d-c1f8e1bdce0b7798014234470972234.html, -]
19:47:55.949 [Thread-6] DEBUG com.github.jhonnymertz.wkhtmltopdf.wrapper.Pdf - Generating pdf with: /usr/local/bin/wkhtmltopdf -O  landscape /tmp/java-wkhtmltopdf-wrapper50e68893-f69c-488b-918d-c1f8e1bdce0b7798014234470972234.html -
19:47:56.045 [Thread-10] DEBUG com.github.jhonnymertz.wkhtmltopdf.wrapper.Pdf - Wkhtmltopdf output:
Loading pages (1/6)
[...]
19:48:51.689 [nettyCallPool-4-1] DEBUG com.github.jhonnymertz.wkhtmltopdf.wrapper.Pdf - Delete temp file at: /tmp/java-wkhtmltopdf-wrappera1d23e6a-599b-47ae-9983-3bb462a99a4f7487072371592102497.html true
19:48:51.690 [nettyCallPool-4-1] INFO com.github.jhonnymertz.wkhtmltopdf.wrapper.Pdf - PDF successfully saved in /home/andrey/WAB3_cache/18303e88-0458-45b0-abea-d46f9a3c5f68/kudir_spendings.pdf
19:48:51.747 [nettyCallPool-4-2] DEBUG com.github.jhonnymertz.wkhtmltopdf.wrapper.Pdf - Wkhtmltopdf output:
Loading pages (1/6)
[>                                                           ] 0%[======>                                                     ] 10%[==============================>                             ] 50%[============================================================] 100%Counting pages (2/6)                                               
[============================================================] Object 1 of 1Resolving links (4/6)                                                       
[============================================================] Object 1 of 1Loading headers and footers (5/6)                                           
Printing pages (6/6)
[>                                                           ] Preparing[============================================================] Page 1 of 1Done                                                                      

19:48:51.747 [nettyCallPool-4-2] INFO com.github.jhonnymertz.wkhtmltopdf.wrapper.Pdf - PDF successfully generated with: /usr/local/bin/wkhtmltopdf -O  landscape /tmp/java-wkhtmltopdf-wrapper3fc14aa5-577f-44bf-9071-41d160cb87af1046652550768765503.html -
19:48:51.747 [nettyCallPool-4-2] DEBUG com.github.jhonnymertz.wkhtmltopdf.wrapper.Pdf - Shutting down executor for wkhtmltopdf.
19:48:51.747 [nettyCallPool-4-2] DEBUG com.github.jhonnymertz.wkhtmltopdf.wrapper.Pdf - Cleaning up temporary files...
19:48:51.747 [nettyCallPool-4-2] DEBUG com.github.jhonnymertz.wkhtmltopdf.wrapper.Pdf - Delete temp file at: /tmp/java-wkhtmltopdf-wrapper3fc14aa5-577f-44bf-9071-41d160cb87af1046652550768765503.html true
19:48:51.747 [nettyCallPool-4-2] INFO com.github.jhonnymertz.wkhtmltopdf.wrapper.Pdf - PDF successfully saved in /home/andrey/WAB3_cache/5e7d973b-a67f-4075-adcc-3a105c8cf848/kudir_spendings.pdf
19:48:53.748 [nettyCallPool-4-1] DEBUG com.github.jhonnymertz.wkhtmltopdf.wrapper.configurations.WrapperConfig - Initialized with default configurations.
19:48:53.762 [nettyCallPool-4-1] DEBUG com.github.jhonnymertz.wkhtmltopdf.wrapper.configurations.WrapperConfig - Wkhtmltopdf command found in classpath: /usr/local/bin/wkhtmltopdf
19:48:53.763 [nettyCallPool-4-1] INFO com.github.jhonnymertz.wkhtmltopdf.wrapper.Pdf - Initialized with {xvfbConfig=null, wkhtmltopdfCommand='/usr/local/bin/wkhtmltopdf'}
19:48:53.763 [nettyCallPool-4-1] DEBUG com.github.jhonnymertz.wkhtmltopdf.wrapper.Pdf - [/usr/local/bin/wkhtmltopdf, /tmp/java-wkhtmltopdf-wrapperd7557f97-710e-429d-8246-a568ac7de1486689048287563891020.html, -]
19:48:53.764 [nettyCallPool-4-1] DEBUG com.github.jhonnymertz.wkhtmltopdf.wrapper.Pdf - Generating pdf with: /usr/local/bin/wkhtmltopdf /tmp/java-wkhtmltopdf-wrapperd7557f97-710e-429d-8246-a568ac7de1486689048287563891020.html -
19:48:53.818 [nettyCallPool-4-2] DEBUG com.github.jhonnymertz.wkhtmltopdf.wrapper.configurations.WrapperConfig - Initialized with default configurations.
19:48:53.834 [nettyCallPool-4-2] DEBUG com.github.jhonnymertz.wkhtmltopdf.wrapper.configurations.WrapperConfig - Wkhtmltopdf command found in classpath: /usr/local/bin/wkhtmltopdf
19:48:53.835 [nettyCallPool-4-2] INFO com.github.jhonnymertz.wkhtmltopdf.wrapper.Pdf - Initialized with {xvfbConfig=null, wkhtmltopdfCommand='/usr/local/bin/wkhtmltopdf'}
19:48:53.836 [nettyCallPool-4-2] DEBUG com.github.jhonnymertz.wkhtmltopdf.wrapper.Pdf - [/usr/local/bin/wkhtmltopdf, /tmp/java-wkhtmltopdf-wrapper88797d84-bc40-442e-86ab-b94259d5fcb83279075171721181247.html, -]
19:48:53.837 [nettyCallPool-4-2] DEBUG com.github.jhonnymertz.wkhtmltopdf.wrapper.Pdf - Generating pdf with: /usr/local/bin/wkhtmltopdf /tmp/java-wkhtmltopdf-wrapper88797d84-bc40-442e-86ab-b94259d5fcb83279075171721181247.html -
19:48:54.282 [nettyCallPool-4-2] DEBUG com.github.jhonnymertz.wkhtmltopdf.wrapper.Pdf - Wkhtmltopdf output:
Loading pages (1/6)
[>                                                           ] 0%[======>                                                     ] 10%[==============================>                             ] 50%[============================================================] 100%Counting pages (2/6)                                               
[============================================================] Object 1 of 1Resolving links (4/6)                                                       
[============================================================] Object 1 of 1Loading headers and footers (5/6)                                           
Printing pages (6/6)
[>                                                           ] Preparing[============================================================] Page 1 of 1Done                                                                      

19:48:54.283 [nettyCallPool-4-2] INFO com.github.jhonnymertz.wkhtmltopdf.wrapper.Pdf - PDF successfully generated with: /usr/local/bin/wkhtmltopdf /tmp/java-wkhtmltopdf-wrapper88797d84-bc40-442e-86ab-b94259d5fcb83279075171721181247.html -
19:48:54.283 [nettyCallPool-4-2] DEBUG com.github.jhonnymertz.wkhtmltopdf.wrapper.Pdf - Shutting down executor for wkhtmltopdf.
19:48:54.283 [nettyCallPool-4-2] DEBUG com.github.jhonnymertz.wkhtmltopdf.wrapper.Pdf - Cleaning up temporary files...
19:48:54.284 [nettyCallPool-4-2] DEBUG com.github.jhonnymertz.wkhtmltopdf.wrapper.Pdf - Delete temp file at: /tmp/java-wkhtmltopdf-wrapper88797d84-bc40-442e-86ab-b94259d5fcb83279075171721181247.html true
19:48:54.285 [nettyCallPool-4-2] INFO com.github.jhonnymertz.wkhtmltopdf.wrapper.Pdf - PDF successfully saved in /home/andrey/WAB3_cache/90c3474d-41ab-4260-bb66-f1bb71941aa7/kudir_header.pdf
19:48:54.285 [nettyCallPool-4-2] DEBUG com.github.jhonnymertz.wkhtmltopdf.wrapper.configurations.WrapperConfig - Initialized with default configurations.
19:48:54.288 [nettyCallPool-4-2] DEBUG com.github.jhonnymertz.wkhtmltopdf.wrapper.configurations.WrapperConfig - Wkhtmltopdf command found in classpath: /usr/local/bin/wkhtmltopdf
19:48:54.288 [nettyCallPool-4-2] INFO com.github.jhonnymertz.wkhtmltopdf.wrapper.Pdf - Initialized with {xvfbConfig=null, wkhtmltopdfCommand='/usr/local/bin/wkhtmltopdf'}
19:48:54.290 [nettyCallPool-4-2] DEBUG com.github.jhonnymertz.wkhtmltopdf.wrapper.Pdf - [/usr/local/bin/wkhtmltopdf, /tmp/java-wkhtmltopdf-wrapperc30eedb4-18e3-49f4-8c45-3b46115f6ceb523593938637021437.html, -]
19:48:54.290 [nettyCallPool-4-2] DEBUG com.github.jhonnymertz.wkhtmltopdf.wrapper.Pdf - Generating pdf with: /usr/local/bin/wkhtmltopdf /tmp/java-wkhtmltopdf-wrapperc30eedb4-18e3-49f4-8c45-3b46115f6ceb523593938637021437.html -
19:48:54.458 [nettyCallPool-4-1] DEBUG com.github.jhonnymertz.wkhtmltopdf.wrapper.Pdf - Wkhtmltopdf output:
Loading pages (1/6)
[>                                                           ] 0%[======>                                                     ] 10%[==============================>                             ] 50%[============================================================] 100%Counting pages (2/6)                                               
[============================================================] Object 1 of 1Resolving links (4/6)                                                       
[============================================================] Object 1 of 1Loading headers and footers (5/6)                                           
Printing pages (6/6)
[>                                                           ] Preparing[============================================================] Page 1 of 1Done                                                                      

19:48:54.458 [nettyCallPool-4-1] INFO com.github.jhonnymertz.wkhtmltopdf.wrapper.Pdf - PDF successfully generated with: /usr/local/bin/wkhtmltopdf /tmp/java-wkhtmltopdf-wrapperd7557f97-710e-429d-8246-a568ac7de1486689048287563891020.html -
19:48:54.459 [nettyCallPool-4-1] DEBUG com.github.jhonnymertz.wkhtmltopdf.wrapper.Pdf - Shutting down executor for wkhtmltopdf.
19:48:54.459 [nettyCallPool-4-1] DEBUG com.github.jhonnymertz.wkhtmltopdf.wrapper.Pdf - Cleaning up temporary files...
19:48:54.460 [nettyCallPool-4-1] DEBUG com.github.jhonnymertz.wkhtmltopdf.wrapper.Pdf - Delete temp file at: /tmp/java-wkhtmltopdf-wrapperd7557f97-710e-429d-8246-a568ac7de1486689048287563891020.html true
19:48:54.460 [nettyCallPool-4-1] INFO com.github.jhonnymertz.wkhtmltopdf.wrapper.Pdf - PDF successfully saved in /home/andrey/WAB3_cache/b5016203-6c15-4295-a753-65c3b7327c7a/kudir_header.pdf
19:48:54.461 [nettyCallPool-4-1] DEBUG com.github.jhonnymertz.wkhtmltopdf.wrapper.configurations.WrapperConfig - Initialized with default configurations.
19:48:54.475 [nettyCallPool-4-1] DEBUG com.github.jhonnymertz.wkhtmltopdf.wrapper.configurations.WrapperConfig - Wkhtmltopdf command found in classpath: /usr/local/bin/wkhtmltopdf
19:48:54.475 [nettyCallPool-4-1] INFO com.github.jhonnymertz.wkhtmltopdf.wrapper.Pdf - Initialized with {xvfbConfig=null, wkhtmltopdfCommand='/usr/local/bin/wkhtmltopdf'}
19:48:54.478 [nettyCallPool-4-1] DEBUG com.github.jhonnymertz.wkhtmltopdf.wrapper.Pdf - [/usr/local/bin/wkhtmltopdf, /tmp/java-wkhtmltopdf-wrapperf8c16c9a-c6e8-46ff-a1e9-265cef5f0f426366515233418016977.html, -]
19:48:54.478 [nettyCallPool-4-1] DEBUG com.github.jhonnymertz.wkhtmltopdf.wrapper.Pdf - Generating pdf with: /usr/local/bin/wkhtmltopdf /tmp/java-wkhtmltopdf-wrapperf8c16c9a-c6e8-46ff-a1e9-265cef5f0f426366515233418016977.html -
19:48:54.761 [nettyCallPool-4-2] DEBUG com.github.jhonnymertz.wkhtmltopdf.wrapper.Pdf - Wkhtmltopdf output:
Loading pages (1/6)
[>                                                           ] 0%[======>                                                     ] 10%[==============================>                             ] 50%[============================================================] 100%Counting pages (2/6)                                               
[============================================================] Object 1 of 1Resolving links (4/6)                                                       
[============================================================] Object 1 of 1Loading headers and footers (5/6)                                           
Printing pages (6/6)
[>                                                           ] Preparing[===============>                                            ] Page 1 of 4[==============================>                             ] Page 2 of 4[=============================================>              ] Page 3 of 4[============================================================] Page 4 of 4Done                                                                      

19:48:54.761 [nettyCallPool-4-2] INFO com.github.jhonnymertz.wkhtmltopdf.wrapper.Pdf - PDF successfully generated with: /usr/local/bin/wkhtmltopdf /tmp/java-wkhtmltopdf-wrapperc30eedb4-18e3-49f4-8c45-3b46115f6ceb523593938637021437.html -
19:48:54.761 [nettyCallPool-4-2] DEBUG com.github.jhonnymertz.wkhtmltopdf.wrapper.Pdf - Shutting down executor for wkhtmltopdf.
19:48:54.761 [nettyCallPool-4-2] DEBUG com.github.jhonnymertz.wkhtmltopdf.wrapper.Pdf - Cleaning up temporary files...
19:48:54.761 [nettyCallPool-4-2] DEBUG com.github.jhonnymertz.wkhtmltopdf.wrapper.Pdf - Delete temp file at: /tmp/java-wkhtmltopdf-wrapperc30eedb4-18e3-49f4-8c45-3b46115f6ceb523593938637021437.html true
19:48:54.762 [nettyCallPool-4-2] INFO com.github.jhonnymertz.wkhtmltopdf.wrapper.Pdf - PDF successfully saved in /home/andrey/WAB3_cache/90c3474d-41ab-4260-bb66-f1bb71941aa7/kudir_incomes.pdf
19:48:54.762 [nettyCallPool-4-2] DEBUG com.github.jhonnymertz.wkhtmltopdf.wrapper.configurations.WrapperConfig - Initialized with default configurations.
19:48:54.764 [nettyCallPool-4-2] DEBUG com.github.jhonnymertz.wkhtmltopdf.wrapper.configurations.WrapperConfig - Wkhtmltopdf command found in classpath: /usr/local/bin/wkhtmltopdf
19:48:54.764 [nettyCallPool-4-2] INFO com.github.jhonnymertz.wkhtmltopdf.wrapper.Pdf - Initialized with {xvfbConfig=null, wkhtmltopdfCommand='/usr/local/bin/wkhtmltopdf'}
19:48:54.765 [nettyCallPool-4-2] DEBUG com.github.jhonnymertz.wkhtmltopdf.wrapper.Pdf - [/usr/local/bin/wkhtmltopdf, -O , landscape, /tmp/java-wkhtmltopdf-wrappercddeefd5-8b1e-4bc2-b88c-c726537bb98a7107618314985991340.html, -]
19:48:54.765 [nettyCallPool-4-2] DEBUG com.github.jhonnymertz.wkhtmltopdf.wrapper.Pdf - Generating pdf with: /usr/local/bin/wkhtmltopdf -O  landscape /tmp/java-wkhtmltopdf-wrappercddeefd5-8b1e-4bc2-b88c-c726537bb98a7107618314985991340.html -
19:48:54.885 [nettyCallPool-4-1] DEBUG com.github.jhonnymertz.wkhtmltopdf.wrapper.Pdf - Wkhtmltopdf output:
Loading pages (1/6)
[>                                                           ] 0%[======>                                                     ] 10%[==============================>                             ] 50%[============================================================] 100%Counting pages (2/6)                                               
[============================================================] Object 1 of 1Resolving links (4/6)                                                       
[============================================================] Object 1 of 1Loading headers and footers (5/6)                                           
Printing pages (6/6)
[>                                                           ] Preparing[===============>                                            ] Page 1 of 4[==============================>                             ] Page 2 of 4[=============================================>              ] Page 3 of 4[============================================================] Page 4 of 4Done                                                                      

19:48:54.885 [nettyCallPool-4-1] INFO com.github.jhonnymertz.wkhtmltopdf.wrapper.Pdf - PDF successfully generated with: /usr/local/bin/wkhtmltopdf /tmp/java-wkhtmltopdf-wrapperf8c16c9a-c6e8-46ff-a1e9-265cef5f0f426366515233418016977.html -
19:48:54.885 [nettyCallPool-4-1] DEBUG com.github.jhonnymertz.wkhtmltopdf.wrapper.Pdf - Shutting down executor for wkhtmltopdf.
19:48:54.885 [nettyCallPool-4-1] DEBUG com.github.jhonnymertz.wkhtmltopdf.wrapper.Pdf - Cleaning up temporary files...
19:48:54.885 [nettyCallPool-4-1] DEBUG com.github.jhonnymertz.wkhtmltopdf.wrapper.Pdf - Delete temp file at: /tmp/java-wkhtmltopdf-wrapperf8c16c9a-c6e8-46ff-a1e9-265cef5f0f426366515233418016977.html true
19:48:54.885 [nettyCallPool-4-1] INFO com.github.jhonnymertz.wkhtmltopdf.wrapper.Pdf - PDF successfully saved in /home/andrey/WAB3_cache/b5016203-6c15-4295-a753-65c3b7327c7a/kudir_incomes.pdf
19:48:54.885 [nettyCallPool-4-1] DEBUG com.github.jhonnymertz.wkhtmltopdf.wrapper.configurations.WrapperConfig - Initialized with default configurations.
19:48:54.894 [nettyCallPool-4-1] DEBUG com.github.jhonnymertz.wkhtmltopdf.wrapper.configurations.WrapperConfig - Wkhtmltopdf command found in classpath: /usr/local/bin/wkhtmltopdf
19:48:54.894 [nettyCallPool-4-1] INFO com.github.jhonnymertz.wkhtmltopdf.wrapper.Pdf - Initialized with {xvfbConfig=null, wkhtmltopdfCommand='/usr/local/bin/wkhtmltopdf'}
19:48:54.895 [nettyCallPool-4-1] DEBUG com.github.jhonnymertz.wkhtmltopdf.wrapper.Pdf - [/usr/local/bin/wkhtmltopdf, -O , landscape, /tmp/java-wkhtmltopdf-wrapperbc00fa68-2eb7-4c2b-aa82-dc47f4c2cb085049180264530453130.html, -]
19:48:54.895 [nettyCallPool-4-1] DEBUG com.github.jhonnymertz.wkhtmltopdf.wrapper.Pdf - Generating pdf with: /usr/local/bin/wkhtmltopdf -O  landscape /tmp/java-wkhtmltopdf-wrapperbc00fa68-2eb7-4c2b-aa82-dc47f4c2cb085049180264530453130.html -
19:48:55.185 [nettyCallPool-4-2] DEBUG com.github.jhonnymertz.wkhtmltopdf.wrapper.Pdf - Wkhtmltopdf output:
Loading pages (1/6)
[>                                                           ] 0%[======>                                                     ] 10%[==============================>                             ] 50%[============================================================] 100%Counting pages (2/6)                                               
[============================================================] Object 1 of 1Resolving links (4/6)                                                       
[============================================================] Object 1 of 1Loading headers and footers (5/6)                                           
Printing pages (6/6)
[>                                                           ] Preparing[============================================================] Page 1 of 1Done                                                                      

19:48:55.185 [nettyCallPool-4-2] INFO com.github.jhonnymertz.wkhtmltopdf.wrapper.Pdf - PDF successfully generated with: /usr/local/bin/wkhtmltopdf -O  landscape /tmp/java-wkhtmltopdf-wrappercddeefd5-8b1e-4bc2-b88c-c726537bb98a7107618314985991340.html -
19:48:55.185 [nettyCallPool-4-2] DEBUG com.github.jhonnymertz.wkhtmltopdf.wrapper.Pdf - Shutting down executor for wkhtmltopdf.
19:48:55.185 [nettyCallPool-4-2] DEBUG com.github.jhonnymertz.wkhtmltopdf.wrapper.Pdf - Cleaning up temporary files...
19:48:55.185 [nettyCallPool-4-2] DEBUG com.github.jhonnymertz.wkhtmltopdf.wrapper.Pdf - Delete temp file at: /tmp/java-wkhtmltopdf-wrappercddeefd5-8b1e-4bc2-b88c-c726537bb98a7107618314985991340.html true
19:48:55.185 [nettyCallPool-4-2] INFO com.github.jhonnymertz.wkhtmltopdf.wrapper.Pdf - PDF successfully saved in /home/andrey/WAB3_cache/90c3474d-41ab-4260-bb66-f1bb71941aa7/kudir_spendings.pdf
19:48:55.276 [nettyCallPool-4-1] DEBUG com.github.jhonnymertz.wkhtmltopdf.wrapper.Pdf - Wkhtmltopdf output:
Loading pages (1/6)
[>                                                           ] 0%[======>                                                     ] 10%[==============================>                             ] 50%[============================================================] 100%Counting pages (2/6)                                               
[============================================================] Object 1 of 1Resolving links (4/6)                                                       
[============================================================] Object 1 of 1Loading headers and footers (5/6)                                           
Printing pages (6/6)
[>                                                           ] Preparing[============================================================] Page 1 of 1Done                                                                      

19:48:55.277 [nettyCallPool-4-1] INFO com.github.jhonnymertz.wkhtmltopdf.wrapper.Pdf - PDF successfully generated with: /usr/local/bin/wkhtmltopdf -O  landscape /tmp/java-wkhtmltopdf-wrapperbc00fa68-2eb7-4c2b-aa82-dc47f4c2cb085049180264530453130.html -
19:48:55.277 [nettyCallPool-4-1] DEBUG com.github.jhonnymertz.wkhtmltopdf.wrapper.Pdf - Shutting down executor for wkhtmltopdf.
19:48:55.277 [nettyCallPool-4-1] DEBUG com.github.jhonnymertz.wkhtmltopdf.wrapper.Pdf - Cleaning up temporary files...
19:48:55.278 [nettyCallPool-4-1] DEBUG com.github.jhonnymertz.wkhtmltopdf.wrapper.Pdf - Delete temp file at: /tmp/java-wkhtmltopdf-wrapperbc00fa68-2eb7-4c2b-aa82-dc47f4c2cb085049180264530453130.html true
19:48:55.279 [nettyCallPool-4-1] INFO com.github.jhonnymertz.wkhtmltopdf.wrapper.Pdf - PDF successfully saved in /home/andrey/WAB3_cache/b5016203-6c15-4295-a753-65c3b7327c7a/kudir_spendings.pdf
]]></system-out>
  <system-err><![CDATA[]]></system-err>
</testsuite>
